#
# There is insufficient memory for the Java Runtime Environment to continue.
# Native memory allocation (malloc) failed to allocate 747056 bytes for Chunk::new
# Possible reasons:
#   The system is out of physical RAM or swap space
#   The process is running with CompressedOops enabled, and the Java Heap may be blocking the growth of the native heap
# Possible solutions:
#   Reduce memory load on the system
#   Increase physical memory or swap space
#   Check if swap backing store is full
#   Decrease Java heap size (-Xmx/-Xms)
#   Decrease number of Java threads
#   Decrease Java thread stack sizes (-Xss)
#   Set larger code cache with -XX:ReservedCodeCacheSize=
#   JVM is running with Unscaled Compressed Oops mode in which the Java heap is
#     placed in the first 4GB address space. The Java Heap base address is the
#     maximum limit for the native heap growth. Please use -XX:HeapBaseMinAddress
#     to set the Java Heap base and to place the Java Heap above 4GB virtual address.
# This output file may be truncated or incomplete.
#
#  Out of Memory Error (arena.cpp:189), pid=23316, tid=23276
#
# JRE version: OpenJDK Runtime Environment Temurin-17.0.7+7 (17.0.7+7) (build 17.0.7+7)
# Java VM: OpenJDK 64-Bit Server VM Temurin-17.0.7+7 (17.0.7+7, mixed mode, tiered, compressed oops, compressed class ptrs, g1 gc, windows-amd64)
# No core dump will be written. Minidumps are not enabled by default on client versions of Windows
#

---------------  S U M M A R Y ------------

Command Line: -Dfile.encoding=UTF-8 -XX:+ShowCodeDetailsInExceptionMessages Programa.Main

Host: 11th Gen Intel(R) Core(TM) i3-1115G4 @ 3.00GHz, 4 cores, 7G,  Windows 11 , 64 bit Build 22621 (10.0.22621.3672)
Time: Tue Jul 23 21:52:41 2024 Venezuela Standard Time elapsed time: 0.591447 seconds (0d 0h 0m 0s)

---------------  T H R E A D  ---------------

Current thread (0x000001521c8e8410):  JavaThread "C2 CompilerThread0" daemon [_thread_in_native, id=23276, stack(0x0000002863000000,0x0000002863100000)]


Current CompileTask:
C2:    591  496       4       sun.awt.image.PNGImageDecoder::filterRow (460 bytes)

Stack: [0x0000002863000000,0x0000002863100000]
Native frames: (J=compiled Java code, j=interpreted, Vv=VM code, C=native code)
V  [jvm.dll+0x67754a]
V  [jvm.dll+0x834304]
V  [jvm.dll+0x835aae]
V  [jvm.dll+0x836113]
V  [jvm.dll+0x24696f]
V  [jvm.dll+0xac0ac]
V  [jvm.dll+0xac67c]
V  [jvm.dll+0x2adbef]
V  [jvm.dll+0x580067]
V  [jvm.dll+0x221e72]
V  [jvm.dll+0x22224f]
V  [jvm.dll+0x21b4a5]
V  [jvm.dll+0x21895b]
V  [jvm.dll+0x1a4d8d]
V  [jvm.dll+0x2284da]
V  [jvm.dll+0x226615]
V  [jvm.dll+0x7ea90b]
V  [jvm.dll+0x7e4e7a]
V  [jvm.dll+0x676395]
C  [ucrtbase.dll+0x29333]
C  [KERNEL32.DLL+0x1257d]
C  [ntdll.dll+0x5af28]


---------------  P R O C E S S  ---------------

Threads class SMR info:
_java_thread_list=0x000001522110fc40, length=17, elements={
0x00000152013b2810, 0x000001521c899020, 0x000001521c8a0820, 0x000001521c89b230,
0x000001521c89baf0, 0x000001521c8c4000, 0x000001521c8c5060, 0x000001521c8e8410,
0x000001521c8e8d10, 0x000001521c8e9700, 0x000001521ca63e70, 0x000001521ca727d0,
0x00000152210beaf0, 0x000001522105b8a0, 0x000001522105bd70, 0x0000015221123010,
0x00000152212e9230
}

Java Threads: ( => current thread )
  0x00000152013b2810 JavaThread "main" [_thread_in_vm, id=23280, stack(0x0000002862300000,0x0000002862400000)]
  0x000001521c899020 JavaThread "Reference Handler" daemon [_thread_blocked, id=13068, stack(0x0000002862a00000,0x0000002862b00000)]
  0x000001521c8a0820 JavaThread "Finalizer" daemon [_thread_blocked, id=21268, stack(0x0000002862b00000,0x0000002862c00000)]
  0x000001521c89b230 JavaThread "Signal Dispatcher" daemon [_thread_blocked, id=21180, stack(0x0000002862c00000,0x0000002862d00000)]
  0x000001521c89baf0 JavaThread "Attach Listener" daemon [_thread_blocked, id=9560, stack(0x0000002862d00000,0x0000002862e00000)]
  0x000001521c8c4000 JavaThread "Service Thread" daemon [_thread_blocked, id=20524, stack(0x0000002862e00000,0x0000002862f00000)]
  0x000001521c8c5060 JavaThread "Monitor Deflation Thread" daemon [_thread_blocked, id=8908, stack(0x0000002862f00000,0x0000002863000000)]
=>0x000001521c8e8410 JavaThread "C2 CompilerThread0" daemon [_thread_in_native, id=23276, stack(0x0000002863000000,0x0000002863100000)]
  0x000001521c8e8d10 JavaThread "C1 CompilerThread0" daemon [_thread_blocked, id=20992, stack(0x0000002863100000,0x0000002863200000)]
  0x000001521c8e9700 JavaThread "Sweeper thread" daemon [_thread_blocked, id=22284, stack(0x0000002863200000,0x0000002863300000)]
  0x000001521ca63e70 JavaThread "Notification Thread" daemon [_thread_blocked, id=19688, stack(0x0000002863300000,0x0000002863400000)]
  0x000001521ca727d0 JavaThread "Common-Cleaner" daemon [_thread_blocked, id=22164, stack(0x0000002863500000,0x0000002863600000)]
  0x00000152210beaf0 JavaThread "Java2D Disposer" daemon [_thread_blocked, id=23096, stack(0x0000002863700000,0x0000002863800000)]
  0x000001522105b8a0 JavaThread "AWT-Shutdown" [_thread_blocked, id=23344, stack(0x0000002863800000,0x0000002863900000)]
  0x000001522105bd70 JavaThread "AWT-Windows" daemon [_thread_in_native, id=23348, stack(0x0000002863900000,0x0000002863a00000)]
  0x0000015221123010 JavaThread "Image Fetcher 0" daemon [_thread_blocked, id=7996, stack(0x0000002863a00000,0x0000002863b00000)]
  0x00000152212e9230 JavaThread "AWT-EventQueue-0" [_thread_blocked, id=22220, stack(0x0000002863b00000,0x0000002863c00000)]

Other Threads:
  0x000001521c875640 VMThread "VM Thread" [stack: 0x0000002862900000,0x0000002862a00000] [id=21900]
  0x000001521ca6a360 WatcherThread [stack: 0x0000002863400000,0x0000002863500000] [id=22260]
  0x000001520140c620 GCTaskThread "GC Thread#0" [stack: 0x0000002862400000,0x0000002862500000] [id=4420]
  0x000001520141cd60 ConcurrentGCThread "G1 Main Marker" [stack: 0x0000002862500000,0x0000002862600000] [id=1296]
  0x000001520141df10 ConcurrentGCThread "G1 Conc#0" [stack: 0x0000002862600000,0x0000002862700000] [id=2484]
  0x000001521c6b40b0 ConcurrentGCThread "G1 Refine#0" [stack: 0x0000002862700000,0x0000002862800000] [id=22280]
  0x000001521c6b4ad0 ConcurrentGCThread "G1 Service" [stack: 0x0000002862800000,0x0000002862900000] [id=20812]

Threads with active compile tasks:
C2 CompilerThread0      640  496       4       sun.awt.image.PNGImageDecoder::filterRow (460 bytes)

VM state: not at safepoint (normal execution)

VM Mutex/Monitor currently owned by a thread: None

Heap address: 0x0000000084000000, size: 1984 MB, Compressed Oops mode: 32-bit

CDS archive(s) not mapped
Compressed class space mapped at: 0x0000000100000000-0x0000000140000000, reserved size: 1073741824
Narrow klass base: 0x0000000000000000, Narrow klass shift: 3, Narrow klass range: 0x140000000

GC Precious Log:
 CPUs: 4 total, 4 available
 Memory: 7934M
 Large Page Support: Disabled
 NUMA Support: Disabled
 Compressed Oops: Enabled (32-bit)
 Heap Region Size: 1M
 Heap Min Capacity: 8M
 Heap Initial Capacity: 124M
 Heap Max Capacity: 1984M
 Pre-touch: Disabled
 Parallel Workers: 4
 Concurrent Workers: 1
 Concurrent Refinement Workers: 4
 Periodic GC: Disabled

Heap:
 garbage-first heap   total 126976K, used 11264K [0x0000000084000000, 0x0000000100000000)
  region size 1024K, 8 young (8192K), 0 survivors (0K)
 Metaspace       used 10751K, committed 10944K, reserved 1114112K
  class space    used 1045K, committed 1152K, reserved 1048576K

Heap Regions: E=young(eden), S=young(survivor), O=old, HS=humongous(starts), HC=humongous(continues), CS=collection set, F=free, OA=open archive, CA=closed archive, TAMS=top-at-mark-start (previous, next)
|   0|0x0000000084000000, 0x0000000084100000, 0x0000000084100000|100%|HS|  |TAMS 0x0000000084000000, 0x0000000084000000| Complete 
|   1|0x0000000084100000, 0x0000000084200000, 0x0000000084200000|100%|HC|  |TAMS 0x0000000084100000, 0x0000000084100000| Complete 
|   2|0x0000000084200000, 0x0000000084300000, 0x0000000084300000|100%|HC|  |TAMS 0x0000000084200000, 0x0000000084200000| Complete 
|   3|0x0000000084300000, 0x0000000084400000, 0x0000000084400000|100%|HC|  |TAMS 0x0000000084300000, 0x0000000084300000| Complete 
|   4|0x0000000084400000, 0x0000000084400000, 0x0000000084500000|  0%| F|  |TAMS 0x0000000084400000, 0x0000000084400000| Untracked 
|   5|0x0000000084500000, 0x0000000084500000, 0x0000000084600000|  0%| F|  |TAMS 0x0000000084500000, 0x0000000084500000| Untracked 
|   6|0x0000000084600000, 0x0000000084600000, 0x0000000084700000|  0%| F|  |TAMS 0x0000000084600000, 0x0000000084600000| Untracked 
|   7|0x0000000084700000, 0x0000000084700000, 0x0000000084800000|  0%| F|  |TAMS 0x0000000084700000, 0x0000000084700000| Untracked 
|   8|0x0000000084800000, 0x0000000084800000, 0x0000000084900000|  0%| F|  |TAMS 0x0000000084800000, 0x0000000084800000| Untracked 
|   9|0x0000000084900000, 0x0000000084900000, 0x0000000084a00000|  0%| F|  |TAMS 0x0000000084900000, 0x0000000084900000| Untracked 
|  10|0x0000000084a00000, 0x0000000084a00000, 0x0000000084b00000|  0%| F|  |TAMS 0x0000000084a00000, 0x0000000084a00000| Untracked 
|  11|0x0000000084b00000, 0x0000000084b00000, 0x0000000084c00000|  0%| F|  |TAMS 0x0000000084b00000, 0x0000000084b00000| Untracked 
|  12|0x0000000084c00000, 0x0000000084c00000, 0x0000000084d00000|  0%| F|  |TAMS 0x0000000084c00000, 0x0000000084c00000| Untracked 
|  13|0x0000000084d00000, 0x0000000084d00000, 0x0000000084e00000|  0%| F|  |TAMS 0x0000000084d00000, 0x0000000084d00000| Untracked 
|  14|0x0000000084e00000, 0x0000000084e00000, 0x0000000084f00000|  0%| F|  |TAMS 0x0000000084e00000, 0x0000000084e00000| Untracked 
|  15|0x0000000084f00000, 0x0000000084f00000, 0x0000000085000000|  0%| F|  |TAMS 0x0000000084f00000, 0x0000000084f00000| Untracked 
|  16|0x0000000085000000, 0x0000000085000000, 0x0000000085100000|  0%| F|  |TAMS 0x0000000085000000, 0x0000000085000000| Untracked 
|  17|0x0000000085100000, 0x0000000085100000, 0x0000000085200000|  0%| F|  |TAMS 0x0000000085100000, 0x0000000085100000| Untracked 
|  18|0x0000000085200000, 0x0000000085200000, 0x0000000085300000|  0%| F|  |TAMS 0x0000000085200000, 0x0000000085200000| Untracked 
|  19|0x0000000085300000, 0x0000000085300000, 0x0000000085400000|  0%| F|  |TAMS 0x0000000085300000, 0x0000000085300000| Untracked 
|  20|0x0000000085400000, 0x0000000085400000, 0x0000000085500000|  0%| F|  |TAMS 0x0000000085400000, 0x0000000085400000| Untracked 
|  21|0x0000000085500000, 0x0000000085500000, 0x0000000085600000|  0%| F|  |TAMS 0x0000000085500000, 0x0000000085500000| Untracked 
|  22|0x0000000085600000, 0x0000000085600000, 0x0000000085700000|  0%| F|  |TAMS 0x0000000085600000, 0x0000000085600000| Untracked 
|  23|0x0000000085700000, 0x0000000085700000, 0x0000000085800000|  0%| F|  |TAMS 0x0000000085700000, 0x0000000085700000| Untracked 
|  24|0x0000000085800000, 0x0000000085800000, 0x0000000085900000|  0%| F|  |TAMS 0x0000000085800000, 0x0000000085800000| Untracked 
|  25|0x0000000085900000, 0x0000000085900000, 0x0000000085a00000|  0%| F|  |TAMS 0x0000000085900000, 0x0000000085900000| Untracked 
|  26|0x0000000085a00000, 0x0000000085a00000, 0x0000000085b00000|  0%| F|  |TAMS 0x0000000085a00000, 0x0000000085a00000| Untracked 
|  27|0x0000000085b00000, 0x0000000085b00000, 0x0000000085c00000|  0%| F|  |TAMS 0x0000000085b00000, 0x0000000085b00000| Untracked 
|  28|0x0000000085c00000, 0x0000000085c00000, 0x0000000085d00000|  0%| F|  |TAMS 0x0000000085c00000, 0x0000000085c00000| Untracked 
|  29|0x0000000085d00000, 0x0000000085d00000, 0x0000000085e00000|  0%| F|  |TAMS 0x0000000085d00000, 0x0000000085d00000| Untracked 
|  30|0x0000000085e00000, 0x0000000085e00000, 0x0000000085f00000|  0%| F|  |TAMS 0x0000000085e00000, 0x0000000085e00000| Untracked 
|  31|0x0000000085f00000, 0x0000000085f00000, 0x0000000086000000|  0%| F|  |TAMS 0x0000000085f00000, 0x0000000085f00000| Untracked 
|  32|0x0000000086000000, 0x0000000086000000, 0x0000000086100000|  0%| F|  |TAMS 0x0000000086000000, 0x0000000086000000| Untracked 
|  33|0x0000000086100000, 0x0000000086100000, 0x0000000086200000|  0%| F|  |TAMS 0x0000000086100000, 0x0000000086100000| Untracked 
|  34|0x0000000086200000, 0x0000000086200000, 0x0000000086300000|  0%| F|  |TAMS 0x0000000086200000, 0x0000000086200000| Untracked 
|  35|0x0000000086300000, 0x0000000086300000, 0x0000000086400000|  0%| F|  |TAMS 0x0000000086300000, 0x0000000086300000| Untracked 
|  36|0x0000000086400000, 0x0000000086400000, 0x0000000086500000|  0%| F|  |TAMS 0x0000000086400000, 0x0000000086400000| Untracked 
|  37|0x0000000086500000, 0x0000000086500000, 0x0000000086600000|  0%| F|  |TAMS 0x0000000086500000, 0x0000000086500000| Untracked 
|  38|0x0000000086600000, 0x0000000086600000, 0x0000000086700000|  0%| F|  |TAMS 0x0000000086600000, 0x0000000086600000| Untracked 
|  39|0x0000000086700000, 0x0000000086700000, 0x0000000086800000|  0%| F|  |TAMS 0x0000000086700000, 0x0000000086700000| Untracked 
|  40|0x0000000086800000, 0x0000000086800000, 0x0000000086900000|  0%| F|  |TAMS 0x0000000086800000, 0x0000000086800000| Untracked 
|  41|0x0000000086900000, 0x0000000086900000, 0x0000000086a00000|  0%| F|  |TAMS 0x0000000086900000, 0x0000000086900000| Untracked 
|  42|0x0000000086a00000, 0x0000000086a00000, 0x0000000086b00000|  0%| F|  |TAMS 0x0000000086a00000, 0x0000000086a00000| Untracked 
|  43|0x0000000086b00000, 0x0000000086b00000, 0x0000000086c00000|  0%| F|  |TAMS 0x0000000086b00000, 0x0000000086b00000| Untracked 
|  44|0x0000000086c00000, 0x0000000086c00000, 0x0000000086d00000|  0%| F|  |TAMS 0x0000000086c00000, 0x0000000086c00000| Untracked 
|  45|0x0000000086d00000, 0x0000000086d00000, 0x0000000086e00000|  0%| F|  |TAMS 0x0000000086d00000, 0x0000000086d00000| Untracked 
|  46|0x0000000086e00000, 0x0000000086e00000, 0x0000000086f00000|  0%| F|  |TAMS 0x0000000086e00000, 0x0000000086e00000| Untracked 
|  47|0x0000000086f00000, 0x0000000086f00000, 0x0000000087000000|  0%| F|  |TAMS 0x0000000086f00000, 0x0000000086f00000| Untracked 
|  48|0x0000000087000000, 0x0000000087000000, 0x0000000087100000|  0%| F|  |TAMS 0x0000000087000000, 0x0000000087000000| Untracked 
|  49|0x0000000087100000, 0x0000000087100000, 0x0000000087200000|  0%| F|  |TAMS 0x0000000087100000, 0x0000000087100000| Untracked 
|  50|0x0000000087200000, 0x0000000087200000, 0x0000000087300000|  0%| F|  |TAMS 0x0000000087200000, 0x0000000087200000| Untracked 
|  51|0x0000000087300000, 0x0000000087300000, 0x0000000087400000|  0%| F|  |TAMS 0x0000000087300000, 0x0000000087300000| Untracked 
|  52|0x0000000087400000, 0x0000000087400000, 0x0000000087500000|  0%| F|  |TAMS 0x0000000087400000, 0x0000000087400000| Untracked 
|  53|0x0000000087500000, 0x0000000087500000, 0x0000000087600000|  0%| F|  |TAMS 0x0000000087500000, 0x0000000087500000| Untracked 
|  54|0x0000000087600000, 0x0000000087600000, 0x0000000087700000|  0%| F|  |TAMS 0x0000000087600000, 0x0000000087600000| Untracked 
|  55|0x0000000087700000, 0x0000000087700000, 0x0000000087800000|  0%| F|  |TAMS 0x0000000087700000, 0x0000000087700000| Untracked 
|  56|0x0000000087800000, 0x0000000087800000, 0x0000000087900000|  0%| F|  |TAMS 0x0000000087800000, 0x0000000087800000| Untracked 
|  57|0x0000000087900000, 0x0000000087900000, 0x0000000087a00000|  0%| F|  |TAMS 0x0000000087900000, 0x0000000087900000| Untracked 
|  58|0x0000000087a00000, 0x0000000087a00000, 0x0000000087b00000|  0%| F|  |TAMS 0x0000000087a00000, 0x0000000087a00000| Untracked 
|  59|0x0000000087b00000, 0x0000000087b00000, 0x0000000087c00000|  0%| F|  |TAMS 0x0000000087b00000, 0x0000000087b00000| Untracked 
|  60|0x0000000087c00000, 0x0000000087c00000, 0x0000000087d00000|  0%| F|  |TAMS 0x0000000087c00000, 0x0000000087c00000| Untracked 
|  61|0x0000000087d00000, 0x0000000087d00000, 0x0000000087e00000|  0%| F|  |TAMS 0x0000000087d00000, 0x0000000087d00000| Untracked 
|  62|0x0000000087e00000, 0x0000000087e00000, 0x0000000087f00000|  0%| F|  |TAMS 0x0000000087e00000, 0x0000000087e00000| Untracked 
|  63|0x0000000087f00000, 0x0000000087f00000, 0x0000000088000000|  0%| F|  |TAMS 0x0000000087f00000, 0x0000000087f00000| Untracked 
|  64|0x0000000088000000, 0x0000000088000000, 0x0000000088100000|  0%| F|  |TAMS 0x0000000088000000, 0x0000000088000000| Untracked 
|  65|0x0000000088100000, 0x0000000088100000, 0x0000000088200000|  0%| F|  |TAMS 0x0000000088100000, 0x0000000088100000| Untracked 
|  66|0x0000000088200000, 0x0000000088200000, 0x0000000088300000|  0%| F|  |TAMS 0x0000000088200000, 0x0000000088200000| Untracked 
|  67|0x0000000088300000, 0x0000000088300000, 0x0000000088400000|  0%| F|  |TAMS 0x0000000088300000, 0x0000000088300000| Untracked 
|  68|0x0000000088400000, 0x0000000088400000, 0x0000000088500000|  0%| F|  |TAMS 0x0000000088400000, 0x0000000088400000| Untracked 
|  69|0x0000000088500000, 0x0000000088500000, 0x0000000088600000|  0%| F|  |TAMS 0x0000000088500000, 0x0000000088500000| Untracked 
|  70|0x0000000088600000, 0x0000000088600000, 0x0000000088700000|  0%| F|  |TAMS 0x0000000088600000, 0x0000000088600000| Untracked 
|  71|0x0000000088700000, 0x0000000088700000, 0x0000000088800000|  0%| F|  |TAMS 0x0000000088700000, 0x0000000088700000| Untracked 
|  72|0x0000000088800000, 0x0000000088800000, 0x0000000088900000|  0%| F|  |TAMS 0x0000000088800000, 0x0000000088800000| Untracked 
|  73|0x0000000088900000, 0x0000000088900000, 0x0000000088a00000|  0%| F|  |TAMS 0x0000000088900000, 0x0000000088900000| Untracked 
|  74|0x0000000088a00000, 0x0000000088a00000, 0x0000000088b00000|  0%| F|  |TAMS 0x0000000088a00000, 0x0000000088a00000| Untracked 
|  75|0x0000000088b00000, 0x0000000088b00000, 0x0000000088c00000|  0%| F|  |TAMS 0x0000000088b00000, 0x0000000088b00000| Untracked 
|  76|0x0000000088c00000, 0x0000000088c00000, 0x0000000088d00000|  0%| F|  |TAMS 0x0000000088c00000, 0x0000000088c00000| Untracked 
|  77|0x0000000088d00000, 0x0000000088d00000, 0x0000000088e00000|  0%| F|  |TAMS 0x0000000088d00000, 0x0000000088d00000| Untracked 
|  78|0x0000000088e00000, 0x0000000088e00000, 0x0000000088f00000|  0%| F|  |TAMS 0x0000000088e00000, 0x0000000088e00000| Untracked 
|  79|0x0000000088f00000, 0x0000000088f00000, 0x0000000089000000|  0%| F|  |TAMS 0x0000000088f00000, 0x0000000088f00000| Untracked 
|  80|0x0000000089000000, 0x0000000089000000, 0x0000000089100000|  0%| F|  |TAMS 0x0000000089000000, 0x0000000089000000| Untracked 
|  81|0x0000000089100000, 0x0000000089100000, 0x0000000089200000|  0%| F|  |TAMS 0x0000000089100000, 0x0000000089100000| Untracked 
|  82|0x0000000089200000, 0x0000000089200000, 0x0000000089300000|  0%| F|  |TAMS 0x0000000089200000, 0x0000000089200000| Untracked 
|  83|0x0000000089300000, 0x0000000089300000, 0x0000000089400000|  0%| F|  |TAMS 0x0000000089300000, 0x0000000089300000| Untracked 
|  84|0x0000000089400000, 0x0000000089400000, 0x0000000089500000|  0%| F|  |TAMS 0x0000000089400000, 0x0000000089400000| Untracked 
|  85|0x0000000089500000, 0x0000000089500000, 0x0000000089600000|  0%| F|  |TAMS 0x0000000089500000, 0x0000000089500000| Untracked 
|  86|0x0000000089600000, 0x0000000089600000, 0x0000000089700000|  0%| F|  |TAMS 0x0000000089600000, 0x0000000089600000| Untracked 
|  87|0x0000000089700000, 0x0000000089700000, 0x0000000089800000|  0%| F|  |TAMS 0x0000000089700000, 0x0000000089700000| Untracked 
|  88|0x0000000089800000, 0x0000000089800000, 0x0000000089900000|  0%| F|  |TAMS 0x0000000089800000, 0x0000000089800000| Untracked 
|  89|0x0000000089900000, 0x0000000089900000, 0x0000000089a00000|  0%| F|  |TAMS 0x0000000089900000, 0x0000000089900000| Untracked 
|  90|0x0000000089a00000, 0x0000000089a00000, 0x0000000089b00000|  0%| F|  |TAMS 0x0000000089a00000, 0x0000000089a00000| Untracked 
|  91|0x0000000089b00000, 0x0000000089b00000, 0x0000000089c00000|  0%| F|  |TAMS 0x0000000089b00000, 0x0000000089b00000| Untracked 
|  92|0x0000000089c00000, 0x0000000089c00000, 0x0000000089d00000|  0%| F|  |TAMS 0x0000000089c00000, 0x0000000089c00000| Untracked 
|  93|0x0000000089d00000, 0x0000000089d00000, 0x0000000089e00000|  0%| F|  |TAMS 0x0000000089d00000, 0x0000000089d00000| Untracked 
|  94|0x0000000089e00000, 0x0000000089e00000, 0x0000000089f00000|  0%| F|  |TAMS 0x0000000089e00000, 0x0000000089e00000| Untracked 
|  95|0x0000000089f00000, 0x0000000089f00000, 0x000000008a000000|  0%| F|  |TAMS 0x0000000089f00000, 0x0000000089f00000| Untracked 
|  96|0x000000008a000000, 0x000000008a000000, 0x000000008a100000|  0%| F|  |TAMS 0x000000008a000000, 0x000000008a000000| Untracked 
|  97|0x000000008a100000, 0x000000008a100000, 0x000000008a200000|  0%| F|  |TAMS 0x000000008a100000, 0x000000008a100000| Untracked 
|  98|0x000000008a200000, 0x000000008a200000, 0x000000008a300000|  0%| F|  |TAMS 0x000000008a200000, 0x000000008a200000| Untracked 
|  99|0x000000008a300000, 0x000000008a300000, 0x000000008a400000|  0%| F|  |TAMS 0x000000008a300000, 0x000000008a300000| Untracked 
| 100|0x000000008a400000, 0x000000008a400000, 0x000000008a500000|  0%| F|  |TAMS 0x000000008a400000, 0x000000008a400000| Untracked 
| 101|0x000000008a500000, 0x000000008a500000, 0x000000008a600000|  0%| F|  |TAMS 0x000000008a500000, 0x000000008a500000| Untracked 
| 102|0x000000008a600000, 0x000000008a600000, 0x000000008a700000|  0%| F|  |TAMS 0x000000008a600000, 0x000000008a600000| Untracked 
| 103|0x000000008a700000, 0x000000008a700000, 0x000000008a800000|  0%| F|  |TAMS 0x000000008a700000, 0x000000008a700000| Untracked 
| 104|0x000000008a800000, 0x000000008a800000, 0x000000008a900000|  0%| F|  |TAMS 0x000000008a800000, 0x000000008a800000| Untracked 
| 105|0x000000008a900000, 0x000000008a900000, 0x000000008aa00000|  0%| F|  |TAMS 0x000000008a900000, 0x000000008a900000| Untracked 
| 106|0x000000008aa00000, 0x000000008aa00000, 0x000000008ab00000|  0%| F|  |TAMS 0x000000008aa00000, 0x000000008aa00000| Untracked 
| 107|0x000000008ab00000, 0x000000008ab00000, 0x000000008ac00000|  0%| F|  |TAMS 0x000000008ab00000, 0x000000008ab00000| Untracked 
| 108|0x000000008ac00000, 0x000000008ac00000, 0x000000008ad00000|  0%| F|  |TAMS 0x000000008ac00000, 0x000000008ac00000| Untracked 
| 109|0x000000008ad00000, 0x000000008ad00000, 0x000000008ae00000|  0%| F|  |TAMS 0x000000008ad00000, 0x000000008ad00000| Untracked 
| 110|0x000000008ae00000, 0x000000008ae00000, 0x000000008af00000|  0%| F|  |TAMS 0x000000008ae00000, 0x000000008ae00000| Untracked 
| 111|0x000000008af00000, 0x000000008af00000, 0x000000008b000000|  0%| F|  |TAMS 0x000000008af00000, 0x000000008af00000| Untracked 
| 112|0x000000008b000000, 0x000000008b000000, 0x000000008b100000|  0%| F|  |TAMS 0x000000008b000000, 0x000000008b000000| Untracked 
| 113|0x000000008b100000, 0x000000008b100000, 0x000000008b200000|  0%| F|  |TAMS 0x000000008b100000, 0x000000008b100000| Untracked 
| 114|0x000000008b200000, 0x000000008b200000, 0x000000008b300000|  0%| F|  |TAMS 0x000000008b200000, 0x000000008b200000| Untracked 
| 115|0x000000008b300000, 0x000000008b300000, 0x000000008b400000|  0%| F|  |TAMS 0x000000008b300000, 0x000000008b300000| Untracked 
| 116|0x000000008b400000, 0x000000008b500000, 0x000000008b500000|100%| E|  |TAMS 0x000000008b400000, 0x000000008b400000| Complete 
| 117|0x000000008b500000, 0x000000008b600000, 0x000000008b600000|100%| E|CS|TAMS 0x000000008b500000, 0x000000008b500000| Complete 
| 118|0x000000008b600000, 0x000000008b700000, 0x000000008b700000|100%| E|CS|TAMS 0x000000008b600000, 0x000000008b600000| Complete 
| 119|0x000000008b700000, 0x000000008b800000, 0x000000008b800000|100%| E|CS|TAMS 0x000000008b700000, 0x000000008b700000| Complete 
| 120|0x000000008b800000, 0x000000008b900000, 0x000000008b900000|100%| E|CS|TAMS 0x000000008b800000, 0x000000008b800000| Complete 
| 121|0x000000008b900000, 0x000000008ba00000, 0x000000008ba00000|100%| E|CS|TAMS 0x000000008b900000, 0x000000008b900000| Complete 
| 122|0x000000008ba00000, 0x000000008bb00000, 0x000000008bb00000|100%| E|CS|TAMS 0x000000008ba00000, 0x000000008ba00000| Complete 
| 123|0x000000008bb00000, 0x000000008bc00000, 0x000000008bc00000|100%| E|CS|TAMS 0x000000008bb00000, 0x000000008bb00000| Complete 

Card table byte_map: [0x0000015215c50000,0x0000015216030000] _byte_map_base: 0x0000015215830000

Marking Bits (Prev, Next): (CMBitMap*) 0x000001520140cc30, (CMBitMap*) 0x000001520140cc70
 Prev Bits: [0x0000015216410000, 0x0000015218310000)
 Next Bits: [0x0000015218310000, 0x000001521a210000)

Polling page: 0x0000015201470000

Metaspace:

Usage:
  Non-class:      9.63 MB used.
      Class:      1.03 MB used.
       Both:     10.66 MB used.

Virtual space:
  Non-class space:       64.00 MB reserved,       9.75 MB ( 15%) committed,  1 nodes.
      Class space:        1.00 GB reserved,       1.12 MB ( <1%) committed,  1 nodes.
             Both:        1.06 GB reserved,      10.88 MB ( <1%) committed. 

Chunk freelists:
   Non-Class:  6.22 MB
       Class:  14.75 MB
        Both:  20.97 MB

MaxMetaspaceSize: unlimited
CompressedClassSpaceSize: 1.00 GB
Initial GC threshold: 21.00 MB
Current GC threshold: 21.00 MB
CDS: off
MetaspaceReclaimPolicy: balanced
 - commit_granule_bytes: 65536.
 - commit_granule_words: 8192.
 - virtual_space_node_default_size: 8388608.
 - enlarge_chunks_in_place: 1.
 - new_chunks_are_fully_committed: 0.
 - uncommit_free_chunks: 1.
 - use_allocation_guard: 0.
 - handle_deallocations: 1.


Internal statistics:

num_allocs_failed_limit: 0.
num_arena_births: 98.
num_arena_deaths: 0.
num_vsnodes_births: 2.
num_vsnodes_deaths: 0.
num_space_committed: 174.
num_space_uncommitted: 0.
num_chunks_returned_to_freelist: 0.
num_chunks_taken_from_freelist: 132.
num_chunk_merges: 0.
num_chunk_splits: 79.
num_chunks_enlarged: 46.
num_inconsistent_stats: 0.

CodeHeap 'non-profiled nmethods': size=120000Kb used=146Kb max_used=146Kb free=119853Kb
 bounds [0x000001520dd20000, 0x000001520df90000, 0x0000015215250000]
CodeHeap 'profiled nmethods': size=120000Kb used=882Kb max_used=882Kb free=119117Kb
 bounds [0x0000015206250000, 0x00000152064c0000, 0x000001520d780000]
CodeHeap 'non-nmethods': size=5760Kb used=1216Kb max_used=1221Kb free=4543Kb
 bounds [0x000001520d780000, 0x000001520d9f0000, 0x000001520dd20000]
 total_blobs=1035 nmethods=523 adapters=425
 compilation: enabled
              stopped_count=0, restarted_count=0
 full_count=0

Compilation events (20 events):
Event: 0.551 Thread 0x000001521c8e8d10  499       3       java.io.BufferedInputStream::fill (203 bytes)
Event: 0.551 Thread 0x000001521c8e8d10 nmethod 499 0x000001520631e990 code [0x000001520631ec00, 0x000001520631f848]
Event: 0.551 Thread 0x000001521c8e8d10  500       3       java.io.BufferedInputStream::getInIfOpen (21 bytes)
Event: 0.551 Thread 0x000001521c8e8d10 nmethod 500 0x000001520631fb90 code [0x000001520631fd40, 0x000001520631ff48]
Event: 0.554 Thread 0x000001521c8e8d10  501       3       sun.awt.image.ImageWatched$WeakLink::update (39 bytes)
Event: 0.554 Thread 0x000001521c8e8d10 nmethod 501 0x0000015206320010 code [0x00000152063202a0, 0x0000015206320f28]
Event: 0.554 Thread 0x000001521c8e8d10  502       3       sun.awt.image.ImageWatched$WeakLink::lambda$update$0 (19 bytes)
Event: 0.554 Thread 0x000001521c8e8d10 nmethod 502 0x0000015206321390 code [0x0000015206321540, 0x00000152063217c8]
Event: 0.554 Thread 0x000001521c8e8d10  503   !   3       sun.awt.image.ImageRepresentation::setPixels (527 bytes)
Event: 0.556 Thread 0x000001521c8e8d10 nmethod 503 0x0000015206321910 code [0x0000015206321ca0, 0x0000015206323c48]
Event: 0.556 Thread 0x000001521c8e8d10  504   !   3       java.util.zip.InflaterInputStream::read (138 bytes)
Event: 0.556 Thread 0x000001521c8e8d10 nmethod 504 0x0000015206324c90 code [0x0000015206324f40, 0x0000015206325b78]
Event: 0.557 Thread 0x000001521c8e8d10  505       3       java.util.zip.InflaterInputStream::available (32 bytes)
Event: 0.557 Thread 0x000001521c8e8d10 nmethod 505 0x0000015206326110 code [0x00000152063262e0, 0x0000015206326788]
Event: 0.557 Thread 0x000001521c8e8d10  506       3       java.util.zip.Inflater::ensureOpen (47 bytes)
Event: 0.558 Thread 0x000001521c8e8d10 nmethod 506 0x0000015206326910 code [0x0000015206326ac0, 0x0000015206326d08]
Event: 0.564 Thread 0x000001521c8e8410 nmethod 470% 0x000001520dd40a90 code [0x000001520dd40cc0, 0x000001520dd42800]
Event: 0.564 Thread 0x000001521c8e8410  496       4       sun.awt.image.PNGImageDecoder::filterRow (460 bytes)
Event: 0.572 Thread 0x000001521c8e8d10  507       3       sun.awt.image.PNGImageDecoder::update_crc (41 bytes)
Event: 0.573 Thread 0x000001521c8e8d10 nmethod 507 0x0000015206326e10 code [0x0000015206326fc0, 0x00000152063271b8]

GC Heap History (0 events):
No events

Dll operation events (4 events):
Event: 0.009 Loaded shared library C:\Users\uriel\.p2\pool\plugins\org.eclipse.justj.openjdk.hotspot.jre.full.win32.x86_64_17.0.7.v20230425-1502\jre\bin\java.dll
Event: 0.284 Loaded shared library C:\Users\uriel\.p2\pool\plugins\org.eclipse.justj.openjdk.hotspot.jre.full.win32.x86_64_17.0.7.v20230425-1502\jre\bin\jimage.dll
Event: 0.315 Loaded shared library C:\Users\uriel\.p2\pool\plugins\org.eclipse.justj.openjdk.hotspot.jre.full.win32.x86_64_17.0.7.v20230425-1502\jre\bin\awt.dll
Event: 0.503 Loaded shared library C:\Users\uriel\.p2\pool\plugins\org.eclipse.justj.openjdk.hotspot.jre.full.win32.x86_64_17.0.7.v20230425-1502\jre\bin\zip.dll

Deoptimization events (20 events):
Event: 0.587 Thread 0x0000015221123010 DEOPT PACKING pc=0x00000152062fba6d sp=0x0000002863aff2f0
Event: 0.587 Thread 0x0000015221123010 DEOPT UNPACKING pc=0x000001520d7dace3 sp=0x0000002863afe760 mode 0
Event: 0.587 Thread 0x0000015221123010 DEOPT PACKING pc=0x00000152062fba6d sp=0x0000002863aff2f0
Event: 0.587 Thread 0x0000015221123010 DEOPT UNPACKING pc=0x000001520d7dace3 sp=0x0000002863afe760 mode 0
Event: 0.587 Thread 0x0000015221123010 DEOPT PACKING pc=0x00000152062fba6d sp=0x0000002863aff2f0
Event: 0.587 Thread 0x0000015221123010 DEOPT UNPACKING pc=0x000001520d7dace3 sp=0x0000002863afe760 mode 0
Event: 0.587 Thread 0x0000015221123010 DEOPT PACKING pc=0x00000152062fba6d sp=0x0000002863aff2f0
Event: 0.587 Thread 0x0000015221123010 DEOPT UNPACKING pc=0x000001520d7dace3 sp=0x0000002863afe760 mode 0
Event: 0.587 Thread 0x0000015221123010 DEOPT PACKING pc=0x00000152062fba6d sp=0x0000002863aff2f0
Event: 0.587 Thread 0x0000015221123010 DEOPT UNPACKING pc=0x000001520d7dace3 sp=0x0000002863afe760 mode 0
Event: 0.587 Thread 0x0000015221123010 DEOPT PACKING pc=0x00000152062fba6d sp=0x0000002863aff2f0
Event: 0.587 Thread 0x0000015221123010 DEOPT UNPACKING pc=0x000001520d7dace3 sp=0x0000002863afe760 mode 0
Event: 0.588 Thread 0x0000015221123010 DEOPT PACKING pc=0x00000152062fba6d sp=0x0000002863aff2f0
Event: 0.588 Thread 0x0000015221123010 DEOPT UNPACKING pc=0x000001520d7dace3 sp=0x0000002863afe760 mode 0
Event: 0.588 Thread 0x0000015221123010 DEOPT PACKING pc=0x00000152062fba6d sp=0x0000002863aff2f0
Event: 0.588 Thread 0x0000015221123010 DEOPT UNPACKING pc=0x000001520d7dace3 sp=0x0000002863afe760 mode 0
Event: 0.588 Thread 0x0000015221123010 DEOPT PACKING pc=0x00000152062fba6d sp=0x0000002863aff2f0
Event: 0.588 Thread 0x0000015221123010 DEOPT UNPACKING pc=0x000001520d7dace3 sp=0x0000002863afe760 mode 0
Event: 0.588 Thread 0x0000015221123010 DEOPT PACKING pc=0x00000152062fba6d sp=0x0000002863aff2f0
Event: 0.588 Thread 0x0000015221123010 DEOPT UNPACKING pc=0x000001520d7dace3 sp=0x0000002863afe760 mode 0

Classes unloaded (0 events):
No events

Classes redefined (0 events):
No events

Internal exceptions (11 events):
Event: 0.305 Thread 0x00000152013b2810 Exception <a 'java/lang/ClassNotFoundException'{0x000000008ba33208}: sun/awt/resources/spi/awtProvider> (0x000000008ba33208) 
thrown [s\src\hotspot\share\classfile\systemDictionary.cpp, line 256]
Event: 0.332 Thread 0x00000152013b2810 Exception <a 'java/io/FileNotFoundException'{0x000000008ba8d148}> (0x000000008ba8d148) 
thrown [s\src\hotspot\share\prims\jni.cpp, line 516]
Event: 0.339 Thread 0x00000152013b2810 Exception <a 'java/io/FileNotFoundException'{0x000000008baba0c0}> (0x000000008baba0c0) 
thrown [s\src\hotspot\share\prims\jni.cpp, line 516]
Event: 0.392 Thread 0x00000152013b2810 Exception <a 'java/lang/NoSuchMethodError'{0x000000008b90b7b8}: 'java.lang.Object java.lang.invoke.DirectMethodHandle$Holder.invokeStaticInit(java.lang.Object)'> (0x000000008b90b7b8) 
thrown [s\src\hotspot\share\interpreter\linkResolver.cpp, line 759]
Event: 0.450 Thread 0x00000152013b2810 Exception <a 'java/lang/NoSuchMethodError'{0x000000008b998168}: 'void java.lang.invoke.DirectMethodHandle$Holder.invokeSpecial(java.lang.Object, java.lang.Object, java.lang.Object)'> (0x000000008b998168) 
thrown [s\src\hotspot\share\interpreter\linkResolver.cpp, line 759]
Event: 0.458 Thread 0x00000152013b2810 Exception <a 'java/lang/NoSuchMethodError'{0x000000008b9c2390}: 'java.lang.Object java.lang.invoke.DirectMethodHandle$Holder.newInvokeSpecial(java.lang.Object, java.lang.Object, java.lang.Object, java.lang.Object, java.lang.Object)'> (0x000000008b9c2390) 
thrown [s\src\hotspot\share\interpreter\linkResolver.cpp, line 759]
Event: 0.459 Thread 0x00000152013b2810 Exception <a 'java/lang/NoSuchMethodError'{0x000000008b9ce038}: 'java.lang.Object java.lang.invoke.DirectMethodHandle$Holder.invokeStatic(java.lang.Object, int, java.lang.Object, java.lang.Object, java.lang.Object, java.lang.Object)'> (0x000000008b9ce038) 
thrown [s\src\hotspot\share\interpreter\linkResolver.cpp, line 759]
Event: 0.464 Thread 0x00000152013b2810 Exception <a 'java/lang/NoSuchMethodError'{0x000000008b9f37f8}: 'java.lang.Object java.lang.invoke.DirectMethodHandle$Holder.invokeStatic(java.lang.Object, int, java.lang.Object)'> (0x000000008b9f37f8) 
thrown [s\src\hotspot\share\interpreter\linkResolver.cpp, line 759]
Event: 0.487 Thread 0x00000152013b2810 Exception <a 'java/lang/ClassNotFoundException'{0x000000008b8ab8a0}: com/sun/swing/internal/plaf/metal/resources/spi/metalProvider> (0x000000008b8ab8a0) 
thrown [s\src\hotspot\share\classfile\systemDictionary.cpp, line 256]
Event: 0.488 Thread 0x00000152013b2810 Exception <a 'java/lang/ClassNotFoundException'{0x000000008b8af778}: com/sun/swing/internal/plaf/basic/resources/spi/basicProvider> (0x000000008b8af778) 
thrown [s\src\hotspot\share\classfile\systemDictionary.cpp, line 256]
Event: 0.505 Thread 0x0000015221123010 Exception <a 'java/lang/NoSuchMethodError'{0x000000008b720750}: 'java.lang.Object java.lang.invoke.DirectMethodHandle$Holder.newInvokeSpecial(java.lang.Object, java.lang.Object, java.lang.Object, int, int, int, int, int)'> (0x000000008b720750) 
thrown [s\src\hotspot\share\interpreter\linkResolver.cpp, line 759]

VM Operations (2 events):
Event: 0.486 Executing VM operation: HandshakeAllThreads
Event: 0.487 Executing VM operation: HandshakeAllThreads done

Events (20 events):
Event: 0.507 loading class sun/awt/image/SunWritableRaster
Event: 0.507 loading class java/awt/image/WritableRaster
Event: 0.507 loading class java/awt/image/WritableRaster done
Event: 0.507 loading class sun/awt/image/SunWritableRaster done
Event: 0.509 loading class java/awt/image/SinglePixelPackedSampleModel
Event: 0.509 loading class java/awt/image/SampleModel
Event: 0.509 loading class java/awt/image/SampleModel done
Event: 0.509 loading class java/awt/image/SinglePixelPackedSampleModel done
Event: 0.509 loading class sun/awt/image/IntegerInterleavedRaster
Event: 0.509 loading class sun/awt/image/IntegerComponentRaster
Event: 0.510 loading class sun/awt/image/IntegerComponentRaster done
Event: 0.510 loading class sun/awt/image/IntegerInterleavedRaster done
Event: 0.510 loading class java/awt/image/BufferedImage
Event: 0.511 loading class java/awt/image/WritableRenderedImage
Event: 0.511 loading class java/awt/image/RenderedImage
Event: 0.511 loading class java/awt/image/RenderedImage done
Event: 0.511 loading class java/awt/image/WritableRenderedImage done
Event: 0.511 loading class java/awt/image/BufferedImage done
Event: 0.511 loading class java/awt/image/BufferedImage$1
Event: 0.511 loading class java/awt/image/BufferedImage$1 done


Dynamic libraries:
0x00007ff66a0e0000 - 0x00007ff66a0ee000 	C:\Users\uriel\.p2\pool\plugins\org.eclipse.justj.openjdk.hotspot.jre.full.win32.x86_64_17.0.7.v20230425-1502\jre\bin\javaw.exe
0x00007ff86bb30000 - 0x00007ff86bd47000 	C:\WINDOWS\SYSTEM32\ntdll.dll
0x00007ff86b370000 - 0x00007ff86b434000 	C:\WINDOWS\System32\KERNEL32.DLL
0x00007ff8690f0000 - 0x00007ff86949d000 	C:\WINDOWS\System32\KERNELBASE.dll
0x00007ff868e90000 - 0x00007ff868fa1000 	C:\WINDOWS\System32\ucrtbase.dll
0x00007ff85ae50000 - 0x00007ff85ae67000 	C:\Users\uriel\.p2\pool\plugins\org.eclipse.justj.openjdk.hotspot.jre.full.win32.x86_64_17.0.7.v20230425-1502\jre\bin\jli.dll
0x00007ff86a130000 - 0x00007ff86a2de000 	C:\WINDOWS\System32\USER32.dll
0x00007ff869840000 - 0x00007ff869866000 	C:\WINDOWS\System32\win32u.dll
0x00007ff86a750000 - 0x00007ff86a779000 	C:\WINDOWS\System32\GDI32.dll
0x00007ff869720000 - 0x00007ff869839000 	C:\WINDOWS\System32\gdi32full.dll
0x00007ff869680000 - 0x00007ff86971a000 	C:\WINDOWS\System32\msvcp_win.dll
0x00007ff861100000 - 0x00007ff861119000 	C:\Users\uriel\.p2\pool\plugins\org.eclipse.justj.openjdk.hotspot.jre.full.win32.x86_64_17.0.7.v20230425-1502\jre\bin\VCRUNTIME140.dll
0x00007ff852ca0000 - 0x00007ff852f33000 	C:\WINDOWS\WinSxS\amd64_microsoft.windows.common-controls_6595b64144ccf1df_6.0.22621.3672_none_2713b9d173822955\COMCTL32.dll
0x00007ff86ad20000 - 0x00007ff86adc7000 	C:\WINDOWS\System32\msvcrt.dll
0x00007ff86b5b0000 - 0x00007ff86b5e1000 	C:\WINDOWS\System32\IMM32.DLL
0x00007ff85bdd0000 - 0x00007ff85bddc000 	C:\Users\uriel\.p2\pool\plugins\org.eclipse.justj.openjdk.hotspot.jre.full.win32.x86_64_17.0.7.v20230425-1502\jre\bin\vcruntime140_1.dll
0x00007ff814040000 - 0x00007ff8140d1000 	C:\Users\uriel\.p2\pool\plugins\org.eclipse.justj.openjdk.hotspot.jre.full.win32.x86_64_17.0.7.v20230425-1502\jre\bin\msvcp140.dll
0x00007fffec040000 - 0x00007fffecc88000 	C:\Users\uriel\.p2\pool\plugins\org.eclipse.justj.openjdk.hotspot.jre.full.win32.x86_64_17.0.7.v20230425-1502\jre\bin\server\jvm.dll
0x00007ff86b7e0000 - 0x00007ff86b892000 	C:\WINDOWS\System32\ADVAPI32.dll
0x00007ff86a6a0000 - 0x00007ff86a749000 	C:\WINDOWS\System32\sechost.dll
0x00007ff868e60000 - 0x00007ff868e88000 	C:\WINDOWS\System32\bcrypt.dll
0x00007ff86ac00000 - 0x00007ff86ad14000 	C:\WINDOWS\System32\RPCRT4.dll
0x00007ff864320000 - 0x00007ff864329000 	C:\WINDOWS\SYSTEM32\WSOCK32.dll
0x00007ff86b440000 - 0x00007ff86b4b1000 	C:\WINDOWS\System32\WS2_32.dll
0x00007ff860bf0000 - 0x00007ff860c24000 	C:\WINDOWS\SYSTEM32\WINMM.dll
0x00007ff85ff00000 - 0x00007ff85ff0a000 	C:\WINDOWS\SYSTEM32\VERSION.dll
0x00007ff867e60000 - 0x00007ff867e78000 	C:\WINDOWS\SYSTEM32\kernel.appcore.dll
0x00007ff8625f0000 - 0x00007ff8625fa000 	C:\Users\uriel\.p2\pool\plugins\org.eclipse.justj.openjdk.hotspot.jre.full.win32.x86_64_17.0.7.v20230425-1502\jre\bin\jimage.dll
0x00007ff866760000 - 0x00007ff866992000 	C:\WINDOWS\SYSTEM32\DBGHELP.DLL
0x00007ff86ae20000 - 0x00007ff86b1a8000 	C:\WINDOWS\System32\combase.dll
0x00007ff86a2e0000 - 0x00007ff86a3b7000 	C:\WINDOWS\System32\OLEAUT32.dll
0x00007ff83b430000 - 0x00007ff83b462000 	C:\WINDOWS\SYSTEM32\dbgcore.DLL
0x00007ff868fb0000 - 0x00007ff86902b000 	C:\WINDOWS\System32\bcryptPrimitives.dll
0x00007ff85aec0000 - 0x00007ff85aee5000 	C:\Users\uriel\.p2\pool\plugins\org.eclipse.justj.openjdk.hotspot.jre.full.win32.x86_64_17.0.7.v20230425-1502\jre\bin\java.dll
0x00007ff85bd20000 - 0x00007ff85bd38000 	C:\Users\uriel\.p2\pool\plugins\org.eclipse.justj.openjdk.hotspot.jre.full.win32.x86_64_17.0.7.v20230425-1502\jre\bin\zip.dll
0x00007ff8698d0000 - 0x00007ff86a12f000 	C:\WINDOWS\System32\SHELL32.dll
0x00007ff866d30000 - 0x00007ff86762c000 	C:\WINDOWS\SYSTEM32\windows.storage.dll
0x00007ff866bf0000 - 0x00007ff866d2f000 	C:\WINDOWS\SYSTEM32\wintypes.dll
0x00007ff86b930000 - 0x00007ff86ba24000 	C:\WINDOWS\System32\SHCORE.dll
0x00007ff86ba90000 - 0x00007ff86baee000 	C:\WINDOWS\System32\shlwapi.dll
0x00007ff868d90000 - 0x00007ff868db1000 	C:\WINDOWS\SYSTEM32\profapi.dll
0x00007ff8192f0000 - 0x00007ff81947e000 	C:\Users\uriel\.p2\pool\plugins\org.eclipse.justj.openjdk.hotspot.jre.full.win32.x86_64_17.0.7.v20230425-1502\jre\bin\awt.dll
0x00007ff864760000 - 0x00007ff8647f7000 	C:\WINDOWS\SYSTEM32\apphelp.dll
0x00007ff866150000 - 0x00007ff86617b000 	C:\WINDOWS\system32\DWMAPI.DLL
0x00007ff865f20000 - 0x00007ff865fcf000 	C:\WINDOWS\system32\uxtheme.dll
0x00007ff84b860000 - 0x00007ff84b960000 	C:\WINDOWS\system32\opengl32.dll
0x00007ff84abb0000 - 0x00007ff84abdd000 	C:\WINDOWS\SYSTEM32\GLU32.dll
0x00007ff8662b0000 - 0x00007ff8662e9000 	C:\WINDOWS\SYSTEM32\dxcore.dll
0x0000000180000000 - 0x00000001834b4000 	C:\Program Files (x86)\RivaTuner Statistics Server\RTSSHooks64.dll
0x00007ff86a780000 - 0x00007ff86abf4000 	C:\WINDOWS\System32\SETUPAPI.dll
0x00007ff86a540000 - 0x00007ff86a693000 	C:\WINDOWS\System32\MSCTF.dll
0x00007ff86b600000 - 0x00007ff86b7a5000 	C:\WINDOWS\System32\ole32.dll

dbghelp: loaded successfully - version: 4.0.5 - missing functions: none
symbol engine: initialized successfully - sym options: 0x614 - pdb path: .;C:\Users\uriel\.p2\pool\plugins\org.eclipse.justj.openjdk.hotspot.jre.full.win32.x86_64_17.0.7.v20230425-1502\jre\bin;C:\WINDOWS\SYSTEM32;C:\WINDOWS\WinSxS\amd64_microsoft.windows.common-controls_6595b64144ccf1df_6.0.22621.3672_none_2713b9d173822955;C:\Users\uriel\.p2\pool\plugins\org.eclipse.justj.openjdk.hotspot.jre.full.win32.x86_64_17.0.7.v20230425-1502\jre\bin\server;C:\Program Files (x86)\RivaTuner Statistics Server

VM Arguments:
jvm_args: -Dfile.encoding=UTF-8 -XX:+ShowCodeDetailsInExceptionMessages 
java_command: Programa.Main
java_class_path (initial): C:\Users\uriel\eclipse-workspace\Empleados\SISTEMA-DE-REGISTRO-DE-EMPLEADOS-JAVA\bin
Launcher Type: SUN_STANDARD

[Global flags]
     intx CICompilerCount                          = 3                                         {product} {ergonomic}
     uint ConcGCThreads                            = 1                                         {product} {ergonomic}
     uint G1ConcRefinementThreads                  = 4                                         {product} {ergonomic}
   size_t G1HeapRegionSize                         = 1048576                                   {product} {ergonomic}
    uintx GCDrainStackTargetSize                   = 64                                        {product} {ergonomic}
   size_t InitialHeapSize                          = 130023424                                 {product} {ergonomic}
   size_t MarkStackSize                            = 4194304                                   {product} {ergonomic}
   size_t MaxHeapSize                              = 2080374784                                {product} {ergonomic}
   size_t MaxNewSize                               = 1247805440                                {product} {ergonomic}
   size_t MinHeapDeltaBytes                        = 1048576                                   {product} {ergonomic}
   size_t MinHeapSize                              = 8388608                                   {product} {ergonomic}
    uintx NonNMethodCodeHeapSize                   = 5832780                                {pd product} {ergonomic}
    uintx NonProfiledCodeHeapSize                  = 122912730                              {pd product} {ergonomic}
    uintx ProfiledCodeHeapSize                     = 122912730                              {pd product} {ergonomic}
    uintx ReservedCodeCacheSize                    = 251658240                              {pd product} {ergonomic}
     bool SegmentedCodeCache                       = true                                      {product} {ergonomic}
     bool ShowCodeDetailsInExceptionMessages       = true                                   {manageable} {command line}
   size_t SoftMaxHeapSize                          = 2080374784                             {manageable} {ergonomic}
     bool UseCompressedClassPointers               = true                           {product lp64_product} {ergonomic}
     bool UseCompressedOops                        = true                           {product lp64_product} {ergonomic}
     bool UseG1GC                                  = true                                      {product} {ergonomic}
     bool UseLargePagesIndividualAllocation        = false                                  {pd product} {ergonomic}

Logging:
Log output configuration:
 #0: stdout all=warning uptime,level,tags
 #1: stderr all=off uptime,level,tags

Environment Variables:
JAVA_HOME=C:\Java\jdk1.8.0_202\bin
PATH=C:/Users/uriel/.p2/pool/plugins/org.eclipse.justj.openjdk.hotspot.jre.full.win32.x86_64_17.0.7.v20230425-1502/jre/bin/server;C:/Users/uriel/.p2/pool/plugins/org.eclipse.justj.openjdk.hotspot.jre.full.win32.x86_64_17.0.7.v20230425-1502/jre/bin;C:\Program Files (x86)\Common Files\Oracle\Java\javapath;C:\Program Files\Python38\Scripts\;C:\Program Files\Python38\;C:\Program Files\Graphviz\bin;C:\WINDOWS\system32;C:\WINDOWS;C:\WINDOWS\System32\Wbem;C:\WINDOWS\System32\WindowsPowerShell\v1.0\;C:\WINDOWS\System32\OpenSSH\;C:\Program Files\dotnet\;C:\msys64\mingw64\bin;C:\Program Files\Git\cmd;C:\Program Files\Git\mingw64\bin;C:\Program Files\Git\usr\bin;C:\Program Files\nodejs\;C:\Program Files (x86)\Windows Kits\10\Windows Performance Toolkit\;C:\Java\jdk1.8.0_202\bin;C:\hadoop-3.3.5\bin;C:\hadoop-3.3.5\sbin;C:\Users\uriel\AppData\Local\Programs\Python\Python311\Scripts\;C:\Users\uriel\AppData\Local\Programs\Python\Python311\;C:\Users\uriel\AppData\Local\Microsoft\WindowsApps;C:\Users\uriel\AppData\Local\Programs\Microsoft VS Code\bin;C:\Users\uriel\AppData\Local\Programs\oh-my-posh\bin;%PyCharm Edu%;C:\Program Files\JetBrains\WebStorm 2024.1.1\bin;C:\Program Files\JetBrains\CLion 2024.1\bin;C:\Program Files\JetBrains\IntelliJ IDEA 2024.1\bin;C:\Users\uriel\AppData\Roaming\npm;%PyCharm Community Edition%;C:\Users\uriel\AppData\Local\Programs\mongosh\;C:\Program Files\JetBrains\PyCharm 2024.1\bin;C:\Users\uriel\.dotnet\tools;C:\Users\uriel\AppData\Local\GitHubDesktop\bin;C:\Users\uriel\eclipse\java-2023-03\eclipse;
USERNAME=uriel
OS=Windows_NT
PROCESSOR_IDENTIFIER=Intel64 Family 6 Model 140 Stepping 1, GenuineIntel
TMP=C:\Users\uriel\AppData\Local\Temp
TEMP=C:\Users\uriel\AppData\Local\Temp



---------------  S Y S T E M  ---------------

OS:
 Windows 11 , 64 bit Build 22621 (10.0.22621.3672)
OS uptime: 1 days 9:23 hours
Hyper-V role detected

CPU: total 4 (initial active 4) (2 cores per cpu, 2 threads per core) family 6 model 140 stepping 1 microcode 0x8a, cx8, cmov, fxsr, ht, mmx, 3dnowpref, sse, sse2, sse3, ssse3, sse4.1, sse4.2, popcnt, lzcnt, tsc, tscinvbit, avx, avx2, aes, erms, clmul, bmi1, bmi2, adx, avx512f, avx512dq, avx512cd, avx512bw, avx512vl, sha, fma, vzeroupper, avx512_vpopcntdq, avx512_vpclmulqdq, avx512_vaes, avx512_vnni, clflush, clflushopt, clwb, avx512_vbmi2, avx512_vbmi, hv

Memory: 4k page, system-wide physical 7934M (423M free)
TotalPageFile size 32510M (AvailPageFile size 2M)
current process WorkingSet (physical memory assigned to process): 61M, peak: 61M
current process commit charge ("private bytes"): 259M, peak: 259M

vm_info: OpenJDK 64-Bit Server VM (17.0.7+7) for windows-amd64 JRE (17.0.7+7), built on Apr 18 2023 22:10:42 by "temurin" with MS VC++ 16.7 (VS2019)

END.
