#
# There is insufficient memory for the Java Runtime Environment to continue.
# Native memory allocation (mmap) failed to map 130023424 bytes for G1 virtual space
# Possible reasons:
#   The system is out of physical RAM or swap space
#   The process is running with CompressedOops enabled, and the Java Heap may be blocking the growth of the native heap
# Possible solutions:
#   Reduce memory load on the system
#   Increase physical memory or swap space
#   Check if swap backing store is full
#   Decrease Java heap size (-Xmx/-Xms)
#   Decrease number of Java threads
#   Decrease Java thread stack sizes (-Xss)
#   Set larger code cache with -XX:ReservedCodeCacheSize=
#   JVM is running with Unscaled Compressed Oops mode in which the Java heap is
#     placed in the first 4GB address space. The Java Heap base address is the
#     maximum limit for the native heap growth. Please use -XX:HeapBaseMinAddress
#     to set the Java Heap base and to place the Java Heap above 4GB virtual address.
# This output file may be truncated or incomplete.
#
#  Out of Memory Error (os_windows.cpp:3559), pid=5920, tid=11720
#
# JRE version:  (17.0.7+7) (build )
# Java VM: OpenJDK 64-Bit Server VM (17.0.7+7, mixed mode, sharing, tiered, compressed oops, compressed class ptrs, g1 gc, windows-amd64)
# No core dump will be written. Minidumps are not enabled by default on client versions of Windows
#

---------------  S U M M A R Y ------------

Command Line: -Dfile.encoding=UTF-8 -XX:+ShowCodeDetailsInExceptionMessages Programa.Main

Host: 11th Gen Intel(R) Core(TM) i3-1115G4 @ 3.00GHz, 4 cores, 7G,  Windows 11 , 64 bit Build 22621 (10.0.22621.3672)
Time: Tue Jul 23 22:02:27 2024 Venezuela Standard Time elapsed time: 0.069040 seconds (0d 0h 0m 0s)

---------------  T H R E A D  ---------------

Current thread (0x000001b1bbedff50):  JavaThread "Unknown thread" [_thread_in_vm, id=11720, stack(0x0000000fed300000,0x0000000fed400000)]

Stack: [0x0000000fed300000,0x0000000fed400000]
Native frames: (J=compiled Java code, j=interpreted, Vv=VM code, C=native code)
V  [jvm.dll+0x67754a]
V  [jvm.dll+0x834304]
V  [jvm.dll+0x835aae]
V  [jvm.dll+0x836113]
V  [jvm.dll+0x24696f]
V  [jvm.dll+0x6743f9]
V  [jvm.dll+0x668c8a]
V  [jvm.dll+0x3061bb]
V  [jvm.dll+0x30d6a6]
V  [jvm.dll+0x35cece]
V  [jvm.dll+0x35d0ff]
V  [jvm.dll+0x2dd048]
V  [jvm.dll+0x2ddfb4]
V  [jvm.dll+0x8066d1]
V  [jvm.dll+0x36ac91]
V  [jvm.dll+0x7e5cec]
V  [jvm.dll+0x3ed56f]
V  [jvm.dll+0x3ef0a1]
C  [jli.dll+0x528b]
C  [ucrtbase.dll+0x29333]
C  [KERNEL32.DLL+0x1257d]
C  [ntdll.dll+0x5af28]


---------------  P R O C E S S  ---------------

Threads class SMR info:
_java_thread_list=0x00007fffecb57018, length=0, elements={
}

Java Threads: ( => current thread )

Other Threads:
  0x000001b1bbf3bd20 GCTaskThread "GC Thread#0" [stack: 0x0000000fed400000,0x0000000fed500000] [id=2440]
  0x000001b1bbf4c460 ConcurrentGCThread "G1 Main Marker" [stack: 0x0000000fed500000,0x0000000fed600000] [id=23308]
  0x000001b1bbf4d610 ConcurrentGCThread "G1 Conc#0" [stack: 0x0000000fed600000,0x0000000fed700000] [id=6088]

[error occurred during error reporting (printing all threads), id 0xc0000005, EXCEPTION_ACCESS_VIOLATION (0xc0000005) at pc=0x00007fffec32daf7]

VM state: not at safepoint (not fully initialized)

VM Mutex/Monitor currently owned by a thread:  ([mutex/lock_event])
[0x000001b1bbed9b40] Heap_lock - owner thread: 0x000001b1bbedff50

Heap address: 0x0000000084000000, size: 1984 MB, Compressed Oops mode: 32-bit

CDS archive(s) mapped at: [0x0000000000000000-0x0000000000000000-0x0000000000000000), size 0, SharedBaseAddress: 0x0000000800000000, ArchiveRelocationMode: 0.
Narrow klass base: 0x0000000000000000, Narrow klass shift: 0, Narrow klass range: 0x0

GC Precious Log:
<Empty>

Heap:
 garbage-first heap   total 0K, used 0K [0x0000000084000000, 0x0000000100000000)
  region size 1024K, 0 young (0K), 0 survivors (0K)

[error occurred during error reporting (printing heap information), id 0xc0000005, EXCEPTION_ACCESS_VIOLATION (0xc0000005) at pc=0x00007fffec710db9]

GC Heap History (0 events):
No events

Dll operation events (1 events):
Event: 0.063 Loaded shared library C:\Users\uriel\.p2\pool\plugins\org.eclipse.justj.openjdk.hotspot.jre.full.win32.x86_64_17.0.7.v20230425-1502\jre\bin\java.dll

Deoptimization events (0 events):
No events

Classes unloaded (0 events):
No events

Classes redefined (0 events):
No events

Internal exceptions (0 events):
No events

VM Operations (0 events):
No events

Events (0 events):
No events


Dynamic libraries:
0x00007ff66a0e0000 - 0x00007ff66a0ee000 	C:\Users\uriel\.p2\pool\plugins\org.eclipse.justj.openjdk.hotspot.jre.full.win32.x86_64_17.0.7.v20230425-1502\jre\bin\javaw.exe
0x00007ff86bb30000 - 0x00007ff86bd47000 	C:\WINDOWS\SYSTEM32\ntdll.dll
0x00007ff86b370000 - 0x00007ff86b434000 	C:\WINDOWS\System32\KERNEL32.DLL
0x00007ff8690f0000 - 0x00007ff86949d000 	C:\WINDOWS\System32\KERNELBASE.dll
0x00007ff868e90000 - 0x00007ff868fa1000 	C:\WINDOWS\System32\ucrtbase.dll
0x00007ff85ae50000 - 0x00007ff85ae67000 	C:\Users\uriel\.p2\pool\plugins\org.eclipse.justj.openjdk.hotspot.jre.full.win32.x86_64_17.0.7.v20230425-1502\jre\bin\jli.dll
0x00007ff86a130000 - 0x00007ff86a2de000 	C:\WINDOWS\System32\USER32.dll
0x00007ff869840000 - 0x00007ff869866000 	C:\WINDOWS\System32\win32u.dll
0x00007ff86a750000 - 0x00007ff86a779000 	C:\WINDOWS\System32\GDI32.dll
0x00007ff869720000 - 0x00007ff869839000 	C:\WINDOWS\System32\gdi32full.dll
0x00007ff869680000 - 0x00007ff86971a000 	C:\WINDOWS\System32\msvcp_win.dll
0x00007ff861100000 - 0x00007ff861119000 	C:\Users\uriel\.p2\pool\plugins\org.eclipse.justj.openjdk.hotspot.jre.full.win32.x86_64_17.0.7.v20230425-1502\jre\bin\VCRUNTIME140.dll
0x00007ff852ca0000 - 0x00007ff852f33000 	C:\WINDOWS\WinSxS\amd64_microsoft.windows.common-controls_6595b64144ccf1df_6.0.22621.3672_none_2713b9d173822955\COMCTL32.dll
0x00007ff86ad20000 - 0x00007ff86adc7000 	C:\WINDOWS\System32\msvcrt.dll
0x00007ff86b5b0000 - 0x00007ff86b5e1000 	C:\WINDOWS\System32\IMM32.DLL
0x00007ff85bdd0000 - 0x00007ff85bddc000 	C:\Users\uriel\.p2\pool\plugins\org.eclipse.justj.openjdk.hotspot.jre.full.win32.x86_64_17.0.7.v20230425-1502\jre\bin\vcruntime140_1.dll
0x00007ff814040000 - 0x00007ff8140d1000 	C:\Users\uriel\.p2\pool\plugins\org.eclipse.justj.openjdk.hotspot.jre.full.win32.x86_64_17.0.7.v20230425-1502\jre\bin\msvcp140.dll
0x00007fffec040000 - 0x00007fffecc88000 	C:\Users\uriel\.p2\pool\plugins\org.eclipse.justj.openjdk.hotspot.jre.full.win32.x86_64_17.0.7.v20230425-1502\jre\bin\server\jvm.dll
0x00007ff86b7e0000 - 0x00007ff86b892000 	C:\WINDOWS\System32\ADVAPI32.dll
0x00007ff86a6a0000 - 0x00007ff86a749000 	C:\WINDOWS\System32\sechost.dll
0x00007ff868e60000 - 0x00007ff868e88000 	C:\WINDOWS\System32\bcrypt.dll
0x00007ff86ac00000 - 0x00007ff86ad14000 	C:\WINDOWS\System32\RPCRT4.dll
0x00007ff864320000 - 0x00007ff864329000 	C:\WINDOWS\SYSTEM32\WSOCK32.dll
0x00007ff86b440000 - 0x00007ff86b4b1000 	C:\WINDOWS\System32\WS2_32.dll
0x00007ff860bf0000 - 0x00007ff860c24000 	C:\WINDOWS\SYSTEM32\WINMM.dll
0x00007ff85ff00000 - 0x00007ff85ff0a000 	C:\WINDOWS\SYSTEM32\VERSION.dll
0x00007ff867e60000 - 0x00007ff867e78000 	C:\WINDOWS\SYSTEM32\kernel.appcore.dll
0x00007ff8625f0000 - 0x00007ff8625fa000 	C:\Users\uriel\.p2\pool\plugins\org.eclipse.justj.openjdk.hotspot.jre.full.win32.x86_64_17.0.7.v20230425-1502\jre\bin\jimage.dll
0x00007ff866760000 - 0x00007ff866992000 	C:\WINDOWS\SYSTEM32\DBGHELP.DLL
0x00007ff86ae20000 - 0x00007ff86b1a8000 	C:\WINDOWS\System32\combase.dll
0x00007ff86a2e0000 - 0x00007ff86a3b7000 	C:\WINDOWS\System32\OLEAUT32.dll
0x00007ff83b430000 - 0x00007ff83b462000 	C:\WINDOWS\SYSTEM32\dbgcore.DLL
0x00007ff868fb0000 - 0x00007ff86902b000 	C:\WINDOWS\System32\bcryptPrimitives.dll
0x00007ff85aec0000 - 0x00007ff85aee5000 	C:\Users\uriel\.p2\pool\plugins\org.eclipse.justj.openjdk.hotspot.jre.full.win32.x86_64_17.0.7.v20230425-1502\jre\bin\java.dll

dbghelp: loaded successfully - version: 4.0.5 - missing functions: none
symbol engine: initialized successfully - sym options: 0x614 - pdb path: .;C:\Users\uriel\.p2\pool\plugins\org.eclipse.justj.openjdk.hotspot.jre.full.win32.x86_64_17.0.7.v20230425-1502\jre\bin;C:\WINDOWS\SYSTEM32;C:\WINDOWS\WinSxS\amd64_microsoft.windows.common-controls_6595b64144ccf1df_6.0.22621.3672_none_2713b9d173822955;C:\Users\uriel\.p2\pool\plugins\org.eclipse.justj.openjdk.hotspot.jre.full.win32.x86_64_17.0.7.v20230425-1502\jre\bin\server

VM Arguments:
jvm_args: -Dfile.encoding=UTF-8 -XX:+ShowCodeDetailsInExceptionMessages 
java_command: Programa.Main
java_class_path (initial): C:\Users\uriel\eclipse-workspace\Empleados\SISTEMA-DE-REGISTRO-DE-EMPLEADOS-JAVA\bin
Launcher Type: SUN_STANDARD

[Global flags]
     intx CICompilerCount                          = 3                                         {product} {ergonomic}
     uint ConcGCThreads                            = 1                                         {product} {ergonomic}
     uint G1ConcRefinementThreads                  = 4                                         {product} {ergonomic}
   size_t G1HeapRegionSize                         = 1048576                                   {product} {ergonomic}
    uintx GCDrainStackTargetSize                   = 64                                        {product} {ergonomic}
   size_t InitialHeapSize                          = 130023424                                 {product} {ergonomic}
   size_t MarkStackSize                            = 4194304                                   {product} {ergonomic}
   size_t MaxHeapSize                              = 2080374784                                {product} {ergonomic}
   size_t MinHeapDeltaBytes                        = 1048576                                   {product} {ergonomic}
   size_t MinHeapSize                              = 8388608                                   {product} {ergonomic}
    uintx NonNMethodCodeHeapSize                   = 5832780                                {pd product} {ergonomic}
    uintx NonProfiledCodeHeapSize                  = 122912730                              {pd product} {ergonomic}
    uintx ProfiledCodeHeapSize                     = 122912730                              {pd product} {ergonomic}
    uintx ReservedCodeCacheSize                    = 251658240                              {pd product} {ergonomic}
     bool SegmentedCodeCache                       = true                                      {product} {ergonomic}
     bool ShowCodeDetailsInExceptionMessages       = true                                   {manageable} {command line}
   size_t SoftMaxHeapSize                          = 2080374784                             {manageable} {ergonomic}
     bool UseCompressedClassPointers               = true                           {product lp64_product} {ergonomic}
     bool UseCompressedOops                        = true                           {product lp64_product} {ergonomic}
     bool UseG1GC                                  = true                                      {product} {ergonomic}
     bool UseLargePagesIndividualAllocation        = false                                  {pd product} {ergonomic}

Logging:
Log output configuration:
 #0: stdout all=warning uptime,level,tags
 #1: stderr all=off uptime,level,tags

Environment Variables:
JAVA_HOME=C:\Java\jdk1.8.0_202\bin
PATH=C:/Users/uriel/.p2/pool/plugins/org.eclipse.justj.openjdk.hotspot.jre.full.win32.x86_64_17.0.7.v20230425-1502/jre/bin/server;C:/Users/uriel/.p2/pool/plugins/org.eclipse.justj.openjdk.hotspot.jre.full.win32.x86_64_17.0.7.v20230425-1502/jre/bin;C:\Program Files (x86)\Common Files\Oracle\Java\javapath;C:\Program Files\Python38\Scripts\;C:\Program Files\Python38\;C:\Program Files\Graphviz\bin;C:\WINDOWS\system32;C:\WINDOWS;C:\WINDOWS\System32\Wbem;C:\WINDOWS\System32\WindowsPowerShell\v1.0\;C:\WINDOWS\System32\OpenSSH\;C:\Program Files\dotnet\;C:\msys64\mingw64\bin;C:\Program Files\Git\cmd;C:\Program Files\Git\mingw64\bin;C:\Program Files\Git\usr\bin;C:\Program Files\nodejs\;C:\Program Files (x86)\Windows Kits\10\Windows Performance Toolkit\;C:\Java\jdk1.8.0_202\bin;C:\hadoop-3.3.5\bin;C:\hadoop-3.3.5\sbin;C:\Users\uriel\AppData\Local\Programs\Python\Python311\Scripts\;C:\Users\uriel\AppData\Local\Programs\Python\Python311\;C:\Users\uriel\AppData\Local\Microsoft\WindowsApps;C:\Users\uriel\AppData\Local\Programs\Microsoft VS Code\bin;C:\Users\uriel\AppData\Local\Programs\oh-my-posh\bin;%PyCharm Edu%;C:\Program Files\JetBrains\WebStorm 2024.1.1\bin;C:\Program Files\JetBrains\CLion 2024.1\bin;C:\Program Files\JetBrains\IntelliJ IDEA 2024.1\bin;C:\Users\uriel\AppData\Roaming\npm;%PyCharm Community Edition%;C:\Users\uriel\AppData\Local\Programs\mongosh\;C:\Program Files\JetBrains\PyCharm 2024.1\bin;C:\Users\uriel\.dotnet\tools;C:\Users\uriel\AppData\Local\GitHubDesktop\bin;C:\Users\uriel\eclipse\java-2023-03\eclipse;
USERNAME=uriel
OS=Windows_NT
PROCESSOR_IDENTIFIER=Intel64 Family 6 Model 140 Stepping 1, GenuineIntel
TMP=C:\Users\uriel\AppData\Local\Temp
TEMP=C:\Users\uriel\AppData\Local\Temp



---------------  S Y S T E M  ---------------

OS:
 Windows 11 , 64 bit Build 22621 (10.0.22621.3672)
OS uptime: 1 days 9:33 hours
Hyper-V role detected

CPU: total 4 (initial active 4) (2 cores per cpu, 2 threads per core) family 6 model 140 stepping 1 microcode 0x8a, cx8, cmov, fxsr, ht, mmx, 3dnowpref, sse, sse2, sse3, ssse3, sse4.1, sse4.2, popcnt, lzcnt, tsc, tscinvbit, avx, avx2, aes, erms, clmul, bmi1, bmi2, adx, avx512f, avx512dq, avx512cd, avx512bw, avx512vl, sha, fma, vzeroupper, avx512_vpopcntdq, avx512_vpclmulqdq, avx512_vaes, avx512_vnni, clflush, clflushopt, clwb, avx512_vbmi2, avx512_vbmi, hv

Memory: 4k page, system-wide physical 7934M (627M free)
TotalPageFile size 32510M (AvailPageFile size 100M)
current process WorkingSet (physical memory assigned to process): 11M, peak: 11M
current process commit charge ("private bytes"): 51M, peak: 175M

vm_info: OpenJDK 64-Bit Server VM (17.0.7+7) for windows-amd64 JRE (17.0.7+7), built on Apr 18 2023 22:10:42 by "temurin" with MS VC++ 16.7 (VS2019)

END.
