#
# There is insufficient memory for the Java Runtime Environment to continue.
# Native memory allocation (mmap) failed to map 65536 bytes. Error detail: Failed to commit metaspace.
# Possible reasons:
#   The system is out of physical RAM or swap space
#   This process is running with CompressedOops enabled, and the Java Heap may be blocking the growth of the native heap
# Possible solutions:
#   Reduce memory load on the system
#   Increase physical memory or swap space
#   Check if swap backing store is full
#   Decrease Java heap size (-Xmx/-Xms)
#   Decrease number of Java threads
#   Decrease Java thread stack sizes (-Xss)
#   Set larger code cache with -XX:ReservedCodeCacheSize=
#   JVM is running with Unscaled Compressed Oops mode in which the Java heap is
#     placed in the first 4GB address space. The Java Heap base address is the
#     maximum limit for the native heap growth. Please use -XX:HeapBaseMinAddress
#     to set the Java Heap base and to place the Java Heap above 4GB virtual address.
# This output file may be truncated or incomplete.
#
#  Out of Memory Error (virtualSpaceNode.cpp:110), pid=3604, tid=12556
#
# JRE version: OpenJDK Runtime Environment Temurin-17.0.11+9 (17.0.11+9) (build 17.0.11+9)
# Java VM: OpenJDK 64-Bit Server VM Temurin-17.0.11+9 (17.0.11+9, mixed mode, tiered, compressed oops, compressed class ptrs, parallel gc, windows-amd64)
# No core dump will be written. Minidumps are not enabled by default on client versions of Windows
#

---------------  S U M M A R Y ------------

Command Line: --add-modules=ALL-SYSTEM --add-opens=java.base/java.util=ALL-UNNAMED --add-opens=java.base/java.lang=ALL-UNNAMED --add-opens=java.base/sun.nio.fs=ALL-UNNAMED -Declipse.application=org.eclipse.jdt.ls.core.id1 -Dosgi.bundles.defaultStartLevel=4 -Declipse.product=org.eclipse.jdt.ls.core.product -Djava.import.generatesMetadataFilesAtProjectRoot=false -DDetectVMInstallationsJob.disabled=true -Dfile.encoding=utf8 -XX:+UseParallelGC -XX:GCTimeRatio=4 -XX:AdaptiveSizePolicyWeight=90 -Dsun.zip.disableMemoryMapping=true -Xmx1G -Xms100m -Xlog:disable -javaagent:c:\Users\uriel\.vscode\extensions\redhat.java-1.32.0-win32-x64\lombok\lombok-1.18.33.jar c:\Users\uriel\.vscode\extensions\redhat.java-1.32.0-win32-x64\server\plugins\org.eclipse.equinox.launcher_1.6.900.v20240613-2009.jar -configuration c:\Users\uriel\AppData\Roaming\Code\User\globalStorage\redhat.java\1.32.0\config_ss_win -data c:\Users\uriel\AppData\Roaming\Code\User\workspaceStorage\247fb2c4f4213fe849032bdec2b3c9c2\redhat.java\ss_ws --pipe=\\.\pipe\lsp-35614a9d1c430fdc468c99f14fc3000d-sock

Host: 11th Gen Intel(R) Core(TM) i3-1115G4 @ 3.00GHz, 4 cores, 7G,  Windows 11 , 64 bit Build 22621 (10.0.22621.3672)
Time: Tue Jul 23 22:22:46 2024 Venezuela Standard Time elapsed time: 1.013989 seconds (0d 0h 0m 1s)

---------------  T H R E A D  ---------------

Current thread (0x000002b665502cb0):  JavaThread "main" [_thread_in_vm, id=12556, stack(0x000000c66dc00000,0x000000c66dd00000)]

Stack: [0x000000c66dc00000,0x000000c66dd00000]
Native frames: (J=compiled Java code, j=interpreted, Vv=VM code, C=native code)
V  [jvm.dll+0x67d429]
V  [jvm.dll+0x834b7a]
V  [jvm.dll+0x83663e]
V  [jvm.dll+0x836ca3]
V  [jvm.dll+0x247dbf]
V  [jvm.dll+0x83083b]
V  [jvm.dll+0x621d56]
V  [jvm.dll+0x621dba]
V  [jvm.dll+0x6245ea]
V  [jvm.dll+0x6226f6]
V  [jvm.dll+0x62c5c7]
V  [jvm.dll+0x1ebb1b]
V  [jvm.dll+0x1ec055]
V  [jvm.dll+0x1ecb10]
V  [jvm.dll+0x1e1f11]
V  [jvm.dll+0x54250e]
V  [jvm.dll+0x1f2957]
V  [jvm.dll+0x7ae0cb]
V  [jvm.dll+0x7af499]
V  [jvm.dll+0x7af7e8]
V  [jvm.dll+0x24007e]
V  [jvm.dll+0x38251e]
C  0x000002b66f6dafa5

The last pc belongs to new (printed below).
Java frames: (J=compiled Java code, j=interpreted, Vv=VM code)
j  sun.security.x509.CertificateExtensions.<init>(Lsun/security/util/DerInputStream;)V+5 java.base@17.0.11
j  sun.security.x509.X509CertInfo.parse(Lsun/security/util/DerValue;)V+335 java.base@17.0.11
j  sun.security.x509.X509CertInfo.<init>(Lsun/security/util/DerValue;)V+67 java.base@17.0.11
j  sun.security.x509.X509CertImpl.parse(Lsun/security/util/DerValue;)V+228 java.base@17.0.11
j  sun.security.x509.X509CertImpl.<init>([B)V+50 java.base@17.0.11
j  sun.security.provider.X509Factory.engineGenerateCertificate(Ljava/io/InputStream;)Ljava/security/cert/Certificate;+54 java.base@17.0.11
j  java.security.cert.CertificateFactory.generateCertificate(Ljava/io/InputStream;)Ljava/security/cert/Certificate;+5 java.base@17.0.11
j  sun.security.pkcs.PKCS7.parseSignedData(Lsun/security/util/DerValue;)V+264 java.base@17.0.11
j  sun.security.pkcs.PKCS7.parse(Lsun/security/util/DerInputStream;Z)V+55 java.base@17.0.11
j  sun.security.pkcs.PKCS7.parse(Lsun/security/util/DerInputStream;)V+11 java.base@17.0.11
j  sun.security.pkcs.PKCS7.<init>([B)V+50 java.base@17.0.11
j  sun.security.util.SignatureFileVerifier.<init>(Ljava/util/ArrayList;Lsun/security/util/ManifestDigester;Ljava/lang/String;[B)V+40 java.base@17.0.11
j  java.util.jar.JarVerifier.processEntry(Lsun/security/util/ManifestEntryVerifier;)V+322 java.base@17.0.11
j  java.util.jar.JarVerifier.update(I[BIILsun/security/util/ManifestEntryVerifier;)V+39 java.base@17.0.11
j  java.util.jar.JarFile.initializeVerifier()V+163 java.base@17.0.11
j  java.util.jar.JarFile.ensureInitialization()V+41 java.base@17.0.11
j  java.util.jar.JavaUtilJarAccessImpl.ensureInitialization(Ljava/util/jar/JarFile;)V+1 java.base@17.0.11
j  jdk.internal.loader.URLClassPath$JarLoader$2.getManifest()Ljava/util/jar/Manifest;+10 java.base@17.0.11
j  jdk.internal.loader.BuiltinClassLoader.defineClass(Ljava/lang/String;Ljdk/internal/loader/Resource;)Ljava/lang/Class;+29 java.base@17.0.11
j  jdk.internal.loader.BuiltinClassLoader.findClassOnClassPathOrNull(Ljava/lang/String;)Ljava/lang/Class;+37 java.base@17.0.11
j  jdk.internal.loader.BuiltinClassLoader.loadClassOrNull(Ljava/lang/String;Z)Ljava/lang/Class;+111 java.base@17.0.11
j  jdk.internal.loader.BuiltinClassLoader.loadClass(Ljava/lang/String;Z)Ljava/lang/Class;+3 java.base@17.0.11
j  jdk.internal.loader.ClassLoaders$AppClassLoader.loadClass(Ljava/lang/String;Z)Ljava/lang/Class;+36 java.base@17.0.11
j  java.lang.ClassLoader.loadClass(Ljava/lang/String;)Ljava/lang/Class;+3 java.base@17.0.11
v  ~StubRoutines::call_stub
j  java.lang.Class.forName0(Ljava/lang/String;ZLjava/lang/ClassLoader;Ljava/lang/Class;)Ljava/lang/Class;+0 java.base@17.0.11
j  java.lang.Class.forName(Ljava/lang/String;ZLjava/lang/ClassLoader;)Ljava/lang/Class;+43 java.base@17.0.11
j  sun.launcher.LauncherHelper.loadMainClass(ILjava/lang/String;)Ljava/lang/Class;+95 java.base@17.0.11
j  sun.launcher.LauncherHelper.checkAndLoadMain(ZILjava/lang/String;)Ljava/lang/Class;+42 java.base@17.0.11
v  ~StubRoutines::call_stub
new  187 new  [0x000002b66f6dae20, 0x000002b66f6db040]  544 bytes
[MachCode]
  0x000002b66f6dae20: 4883 ec08 | c5fa 1104 | 24eb 1f48 | 83ec 10c5 | fb11 0424 | eb14 4883 | ec10 4889 | 0424 48c7 
  0x000002b66f6dae40: 4424 0800 | 0000 00eb | 0150 410f | b755 010f | cac1 ea10 | 488b 4de8 | 488b 4908 | 488b 4908 
  0x000002b66f6dae60: 488b 4108 | 807c 1004 | 070f 85d6 | 0000 0066 | 8b54 d148 | 488b 4928 | 488b 4cd1 | 0851 80b9 
  0x000002b66f6dae80: 3301 0000 | 040f 85b9 | 0000 008b | 5108 f7c2 | 0100 0000 | 0f85 aa00 | 0000 498b | 8708 0100 
  0x000002b66f6daea0: 0048 8d1c | 1049 3b9f | 1801 0000 | 0f87 9200 | 0000 4989 | 9f08 0100 | 00e9 0000 | 0000 4883 
  0x000002b66f6daec0: ea10 0f84 | 0f00 0000 | 33c9 c1ea | 0348 894c | d008 48ff | ca75 f648 | c700 0100 | 0000 5933 
  0x000002b66f6daee0: f689 700c | 48c1 e903 | 8948 0849 | ba5a 355b | ffff 7f00 | 0041 803a | 000f 8440 | 0000 0050 
  0x000002b66f6daf00: 488b c848 | 83ec 20f7 | c40f 0000 | 000f 841a | 0000 0048 | 83ec 0849 | ba80 3111 | ffff 7f00 
  0x000002b66f6daf20: 0041 ffd2 | 4883 c408 | e90d 0000 | 0049 ba80 | 3111 ffff | 7f00 0041 | ffd2 4883 | c420 58e9 
  0x000002b66f6daf40: cd00 0000 | 5948 8b55 | e848 8b52 | 0848 8b52 | 0845 0fb7 | 4501 410f | c841 c1e8 | 10e8 0500 
  0x000002b66f6daf60: 0000 e9aa | 0000 0048 | 8d44 2408 | 4c89 6dc0 | 498b cfc5 | f877 4989 | afa8 0200 | 0049 8987 
  0x000002b66f6daf80: 9802 0000 | 4883 ec20 | f7c4 0f00 | 0000 0f84 | 1a00 0000 | 4883 ec08 | 49ba d024 | dbfe ff7f 
  0x000002b66f6dafa0: 0000 41ff | d248 83c4 | 08e9 0d00 | 0000 49ba | d024 dbfe | ff7f 0000 | 41ff d248 | 83c4 2049 
  0x000002b66f6dafc0: c787 9802 | 0000 0000 | 0000 49c7 | 87a8 0200 | 0000 0000 | 0049 c787 | a002 0000 | 0000 0000 
  0x000002b66f6dafe0: c5f8 7749 | 817f 0800 | 0000 000f | 8405 0000 | 00e9 0a5f | feff 498b | 87f0 0200 | 0049 c787 
  0x000002b66f6db000: f002 0000 | 0000 0000 | 4c8b 6dc0 | 4c8b 75c8 | c341 0fb6 | 5d03 4983 | c503 49ba | d0a1 5dff 
  0x000002b66f6db020: ff7f 0000 | 41ff 24da | 0000 0000 | 0000 0000 | 0000 0000 | 0000 0000 | 0000 0000 | 0000 0000 
[/MachCode]

---------------  P R O C E S S  ---------------

Threads class SMR info:
_java_thread_list=0x000002b67e857500, length=13, elements={
0x000002b665502cb0, 0x000002b679343030, 0x000002b679344520, 0x000002b679370f20,
0x000002b6793718f0, 0x000002b6793743d0, 0x000002b679376cb0, 0x000002b6793778b0,
0x000002b67938eab0, 0x000002b67e59fd40, 0x000002b67e627bb0, 0x000002b67e7bf0d0,
0x000002b67e85b6b0
}

Java Threads: ( => current thread )
=>0x000002b665502cb0 JavaThread "main" [_thread_in_vm, id=12556, stack(0x000000c66dc00000,0x000000c66dd00000)]
  0x000002b679343030 JavaThread "Reference Handler" daemon [_thread_blocked, id=20260, stack(0x000000c66df00000,0x000000c66e000000)]
  0x000002b679344520 JavaThread "Finalizer" daemon [_thread_blocked, id=23072, stack(0x000000c66e000000,0x000000c66e100000)]
  0x000002b679370f20 JavaThread "Signal Dispatcher" daemon [_thread_blocked, id=7144, stack(0x000000c66e100000,0x000000c66e200000)]
  0x000002b6793718f0 JavaThread "Attach Listener" daemon [_thread_blocked, id=22716, stack(0x000000c66e200000,0x000000c66e300000)]
  0x000002b6793743d0 JavaThread "Service Thread" daemon [_thread_blocked, id=5224, stack(0x000000c66e300000,0x000000c66e400000)]
  0x000002b679376cb0 JavaThread "Monitor Deflation Thread" daemon [_thread_blocked, id=12212, stack(0x000000c66e400000,0x000000c66e500000)]
  0x000002b6793778b0 JavaThread "C2 CompilerThread0" daemon [_thread_blocked, id=8868, stack(0x000000c66e500000,0x000000c66e600000)]
  0x000002b67938eab0 JavaThread "C1 CompilerThread0" daemon [_thread_blocked, id=7304, stack(0x000000c66e600000,0x000000c66e700000)]
  0x000002b67e59fd40 JavaThread "Sweeper thread" daemon [_thread_blocked, id=1272, stack(0x000000c66e700000,0x000000c66e800000)]
  0x000002b67e627bb0 JavaThread "Common-Cleaner" daemon [_thread_blocked, id=8824, stack(0x000000c66e800000,0x000000c66e900000)]
  0x000002b67e7bf0d0 JavaThread "Notification Thread" daemon [_thread_blocked, id=16580, stack(0x000000c66e900000,0x000000c66ea00000)]
  0x000002b67e85b6b0 JavaThread "C2 CompilerThread1" daemon [_thread_blocked, id=15464, stack(0x000000c66eb00000,0x000000c66ec00000)]

Other Threads:
  0x000002b6655aec50 VMThread "VM Thread" [stack: 0x000000c66de00000,0x000000c66df00000] [id=4128]
  0x000002b67e7bf5b0 WatcherThread [stack: 0x000000c66ea00000,0x000000c66eb00000] [id=14984]
  0x000002b665518140 GCTaskThread "GC Thread#0" [stack: 0x000000c66dd00000,0x000000c66de00000] [id=8804]

Threads with active compile tasks:

VM state: not at safepoint (normal execution)

VM Mutex/Monitor currently owned by a thread:  ([mutex/lock_event])
[0x000002b6654fddc0] Metaspace_lock - owner thread: 0x000002b665502cb0

Heap address: 0x00000000c0000000, size: 1024 MB, Compressed Oops mode: 32-bit

CDS archive(s) not mapped
Compressed class space mapped at: 0x0000000100000000-0x0000000140000000, reserved size: 1073741824
Narrow klass base: 0x0000000000000000, Narrow klass shift: 3, Narrow klass range: 0x140000000

GC Precious Log:
 CPUs: 4 total, 4 available
 Memory: 7934M
 Large Page Support: Disabled
 NUMA Support: Disabled
 Compressed Oops: Enabled (32-bit)
 Alignments: Space 512K, Generation 512K, Heap 2M
 Heap Min Capacity: 100M
 Heap Initial Capacity: 100M
 Heap Max Capacity: 1G
 Pre-touch: Disabled
 Parallel Workers: 4

Heap:
 PSYoungGen      total 29696K, used 10273K [0x00000000eab00000, 0x00000000ecc00000, 0x0000000100000000)
  eden space 25600K, 40% used [0x00000000eab00000,0x00000000eb508640,0x00000000ec400000)
  from space 4096K, 0% used [0x00000000ec800000,0x00000000ec800000,0x00000000ecc00000)
  to   space 4096K, 0% used [0x00000000ec400000,0x00000000ec400000,0x00000000ec800000)
 ParOldGen       total 68608K, used 0K [0x00000000c0000000, 0x00000000c4300000, 0x00000000eab00000)
  object space 68608K, 0% used [0x00000000c0000000,0x00000000c0000000,0x00000000c4300000)
 Metaspace       used 7288K, committed 7360K, reserved 1114112K
  class space    used 710K, committed 768K, reserved 1048576K

Card table byte_map: [0x000002b664eb0000,0x000002b6650c0000] _byte_map_base: 0x000002b6648b0000

Marking Bits: (ParMarkBitMap*) 0x00007fffff5cd820
 Begin Bits: [0x000002b677190000, 0x000002b678190000)
 End Bits:   [0x000002b678190000, 0x000002b679190000)

Polling page: 0x000002b6634f0000

Metaspace:

Usage:
  Non-class:      6.42 MB used.
      Class:    710.70 KB used.
       Both:      7.12 MB used.

Virtual space:
  Non-class space:       64.00 MB reserved,       6.44 MB ( 10%) committed,  1 nodes.
      Class space:        1.00 GB reserved,     768.00 KB ( <1%) committed,  1 nodes.
             Both:        1.06 GB reserved,       7.19 MB ( <1%) committed. 

Chunk freelists:
   Non-Class:  9.00 MB
       Class:  15.21 MB
        Both:  24.21 MB

MaxMetaspaceSize: unlimited
CompressedClassSpaceSize: 1.00 GB
Initial GC threshold: 21.00 MB
Current GC threshold: 21.00 MB
CDS: off
MetaspaceReclaimPolicy: balanced
 - commit_granule_bytes: 65536.
 - commit_granule_words: 8192.
 - virtual_space_node_default_size: 8388608.
 - enlarge_chunks_in_place: 1.
 - new_chunks_are_fully_committed: 0.
 - uncommit_free_chunks: 1.
 - use_allocation_guard: 0.
 - handle_deallocations: 1.


Internal statistics:

num_allocs_failed_limit: 0.
num_arena_births: 10.
num_arena_deaths: 0.
num_vsnodes_births: 2.
num_vsnodes_deaths: 0.
num_space_committed: 115.
num_space_uncommitted: 0.
num_chunks_returned_to_freelist: 0.
num_chunks_taken_from_freelist: 40.
num_chunk_merges: 0.
num_chunk_splits: 23.
num_chunks_enlarged: 21.
num_inconsistent_stats: 0.

CodeHeap 'non-profiled nmethods': size=120000Kb used=169Kb max_used=169Kb free=119831Kb
 bounds [0x000002b66fc60000, 0x000002b66fed0000, 0x000002b677190000]
CodeHeap 'profiled nmethods': size=120000Kb used=696Kb max_used=696Kb free=119303Kb
 bounds [0x000002b668190000, 0x000002b668400000, 0x000002b66f6c0000]
CodeHeap 'non-nmethods': size=5760Kb used=1117Kb max_used=1133Kb free=4642Kb
 bounds [0x000002b66f6c0000, 0x000002b66f930000, 0x000002b66fc60000]
 total_blobs=879 nmethods=493 adapters=301
 compilation: enabled
              stopped_count=0, restarted_count=0
 full_count=0

Compilation events (20 events):
Event: 0.979 Thread 0x000002b67938eab0  481       3       sun.security.util.ObjectIdentifier::pack7Oid (42 bytes)
Event: 0.979 Thread 0x000002b67938eab0 nmethod 481 0x000002b66823d290 code [0x000002b66823d440, 0x000002b66823d628]
Event: 0.981 Thread 0x000002b67e85b6b0 nmethod 480 0x000002b66fc87010 code [0x000002b66fc871a0, 0x000002b66fc87498]
Event: 0.984 Thread 0x000002b67e85b6b0  484       4       java.lang.String::replace (42 bytes)
Event: 0.984 Thread 0x000002b6793778b0  485       4       java.util.ArrayList$Itr::next (66 bytes)
Event: 0.985 Thread 0x000002b6793778b0 nmethod 485 0x000002b66fc87610 code [0x000002b66fc877a0, 0x000002b66fc878d8]
Event: 0.994 Thread 0x000002b67e85b6b0 nmethod 484 0x000002b66fc87a10 code [0x000002b66fc87ba0, 0x000002b66fc88098]
Event: 0.999 Thread 0x000002b67938eab0  486       1       sun.security.util.KnownOIDs::value (5 bytes)
Event: 0.999 Thread 0x000002b67938eab0 nmethod 486 0x000002b66fc88390 code [0x000002b66fc88520, 0x000002b66fc885f8]
Event: 0.999 Thread 0x000002b67938eab0  488       1       java.security.Provider$Service::getType (5 bytes)
Event: 0.999 Thread 0x000002b67938eab0 nmethod 488 0x000002b66fc88a90 code [0x000002b66fc88c20, 0x000002b66fc88cf8]
Event: 0.999 Thread 0x000002b67938eab0  489       1       java.security.Provider$Service::getAlgorithm (5 bytes)
Event: 0.999 Thread 0x000002b67938eab0 nmethod 489 0x000002b66fc88d90 code [0x000002b66fc88f20, 0x000002b66fc88ff8]
Event: 0.999 Thread 0x000002b67938eab0  490       1       java.security.Provider$Service::getAliases (5 bytes)
Event: 0.999 Thread 0x000002b67938eab0 nmethod 490 0x000002b66fc89090 code [0x000002b66fc89220, 0x000002b66fc892f8]
Event: 0.999 Thread 0x000002b67938eab0  491       3       java.lang.Integer::numberOfLeadingZeros (79 bytes)
Event: 1.000 Thread 0x000002b67938eab0 nmethod 491 0x000002b66823d710 code [0x000002b66823d8c0, 0x000002b66823db98]
Event: 1.000 Thread 0x000002b67938eab0  492       3       java.security.Provider$ServiceKey::hashCode (19 bytes)
Event: 1.000 Thread 0x000002b67938eab0 nmethod 492 0x000002b66823dc10 code [0x000002b66823ddc0, 0x000002b66823df58]
Event: 1.001 Thread 0x000002b67e85b6b0  493   !   4       java.lang.String::replace (258 bytes)

GC Heap History (0 events):
No events

Dll operation events (8 events):
Event: 0.105 Loaded shared library c:\Users\uriel\.vscode\extensions\redhat.java-1.32.0-win32-x64\jre\17.0.11-win32-x86_64\bin\java.dll
Event: 0.374 Loaded shared library c:\Users\uriel\.vscode\extensions\redhat.java-1.32.0-win32-x64\jre\17.0.11-win32-x86_64\bin\zip.dll
Event: 0.377 Loaded shared library C:\Users\uriel\.vscode\extensions\redhat.java-1.32.0-win32-x64\jre\17.0.11-win32-x86_64\bin\instrument.dll
Event: 0.427 Loaded shared library C:\Users\uriel\.vscode\extensions\redhat.java-1.32.0-win32-x64\jre\17.0.11-win32-x86_64\bin\net.dll
Event: 0.435 Loaded shared library C:\Users\uriel\.vscode\extensions\redhat.java-1.32.0-win32-x64\jre\17.0.11-win32-x86_64\bin\nio.dll
Event: 0.446 Loaded shared library C:\Users\uriel\.vscode\extensions\redhat.java-1.32.0-win32-x64\jre\17.0.11-win32-x86_64\bin\zip.dll
Event: 0.472 Loaded shared library C:\Users\uriel\.vscode\extensions\redhat.java-1.32.0-win32-x64\jre\17.0.11-win32-x86_64\bin\jimage.dll
Event: 0.692 Loaded shared library c:\Users\uriel\.vscode\extensions\redhat.java-1.32.0-win32-x64\jre\17.0.11-win32-x86_64\bin\verify.dll

Deoptimization events (20 events):
Event: 0.859 Thread 0x000002b665502cb0 DEOPT PACKING pc=0x000002b66fc7d3dc sp=0x000000c66dcfe8e0
Event: 0.859 Thread 0x000002b665502cb0 DEOPT UNPACKING pc=0x000002b66f719ea3 sp=0x000000c66dcfe870 mode 2
Event: 0.859 Thread 0x000002b665502cb0 Uncommon trap: trap_request=0xffffff45 fr.pc=0x000002b66fc6f2f4 relative=0x0000000000000074
Event: 0.859 Thread 0x000002b665502cb0 Uncommon trap: reason=unstable_if action=reinterpret pc=0x000002b66fc6f2f4 method=java.lang.String.isLatin1()Z @ 10 c2
Event: 0.859 Thread 0x000002b665502cb0 DEOPT PACKING pc=0x000002b66fc6f2f4 sp=0x000000c66dcff2f0
Event: 0.859 Thread 0x000002b665502cb0 DEOPT UNPACKING pc=0x000002b66f719ea3 sp=0x000000c66dcff230 mode 2
Event: 0.861 Thread 0x000002b665502cb0 Uncommon trap: trap_request=0xffffffde fr.pc=0x000002b66fc6d004 relative=0x00000000000005a4
Event: 0.861 Thread 0x000002b665502cb0 Uncommon trap: reason=class_check action=maybe_recompile pc=0x000002b66fc6d004 method=java.util.HashMap.putVal(ILjava/lang/Object;Ljava/lang/Object;ZZ)Ljava/lang/Object; @ 152 c2
Event: 0.861 Thread 0x000002b665502cb0 DEOPT PACKING pc=0x000002b66fc6d004 sp=0x000000c66dcff1b0
Event: 0.861 Thread 0x000002b665502cb0 DEOPT UNPACKING pc=0x000002b66f719ea3 sp=0x000000c66dcff100 mode 2
Event: 0.866 Thread 0x000002b665502cb0 DEOPT PACKING pc=0x000002b6681ab380 sp=0x000000c66dcfcde0
Event: 0.866 Thread 0x000002b665502cb0 DEOPT UNPACKING pc=0x000002b66f71a9e3 sp=0x000000c66dcfc2a0 mode 0
Event: 0.894 Thread 0x000002b665502cb0 DEOPT PACKING pc=0x000002b6681ab380 sp=0x000000c66dcfb640
Event: 0.895 Thread 0x000002b665502cb0 DEOPT UNPACKING pc=0x000002b66f71a9e3 sp=0x000000c66dcfab00 mode 0
Event: 0.897 Thread 0x000002b665502cb0 DEOPT PACKING pc=0x000002b6681ab380 sp=0x000000c66dcfa9a0
Event: 0.897 Thread 0x000002b665502cb0 DEOPT UNPACKING pc=0x000002b66f71a9e3 sp=0x000000c66dcf9e60 mode 0
Event: 0.897 Thread 0x000002b665502cb0 DEOPT PACKING pc=0x000002b6681ab380 sp=0x000000c66dcfa9b0
Event: 0.897 Thread 0x000002b665502cb0 DEOPT UNPACKING pc=0x000002b66f71a9e3 sp=0x000000c66dcf9e70 mode 0
Event: 0.900 Thread 0x000002b665502cb0 DEOPT PACKING pc=0x000002b6681ab380 sp=0x000000c66dcfb500
Event: 0.900 Thread 0x000002b665502cb0 DEOPT UNPACKING pc=0x000002b66f71a9e3 sp=0x000000c66dcfa9c0 mode 0

Classes unloaded (0 events):
No events

Classes redefined (0 events):
No events

Internal exceptions (2 events):
Event: 0.315 Thread 0x000002b665502cb0 Exception <a 'java/lang/NoSuchMethodError'{0x00000000eacb4ef8}: 'void java.lang.invoke.DirectMethodHandle$Holder.invokeStatic(java.lang.Object, java.lang.Object, java.lang.Object)'> (0x00000000eacb4ef8) 
thrown [s\src\hotspot\share\interpreter\linkResolver.cpp, line 759]
Event: 0.734 Thread 0x000002b665502cb0 Exception <a 'java/lang/reflect/InvocationTargetException'{0x00000000eafe7650}> (0x00000000eafe7650) 
thrown [s\src\hotspot\share\runtime\reflection.cpp, line 1121]

VM Operations (4 events):
Event: 0.333 Executing VM operation: HandshakeAllThreads
Event: 0.333 Executing VM operation: HandshakeAllThreads done
Event: 0.557 Executing VM operation: HandshakeAllThreads
Event: 0.557 Executing VM operation: HandshakeAllThreads done

Events (20 events):
Event: 1.007 loading class java/security/spec/AlgorithmParameterSpec
Event: 1.007 loading class java/security/spec/AlgorithmParameterSpec done
Event: 1.007 loading class java/security/spec/PSSParameterSpec done
Event: 1.007 loading class sun/security/rsa/RSAPublicKeyImpl
Event: 1.007 loading class java/security/interfaces/RSAPublicKey
Event: 1.007 loading class java/security/interfaces/RSAKey
Event: 1.007 loading class java/security/interfaces/RSAKey done
Event: 1.007 loading class java/security/interfaces/RSAPublicKey done
Event: 1.008 loading class sun/security/rsa/RSAPublicKeyImpl done
Event: 1.008 loading class sun/security/util/IOUtils
Event: 1.008 loading class sun/security/util/IOUtils done
Event: 1.009 loading class sun/security/rsa/RSAUtil
Event: 1.009 loading class sun/security/rsa/RSAUtil done
Event: 1.009 loading class sun/security/x509/CertificateExtensions
Event: 1.009 loading class sun/security/x509/CertificateExtensions done
Event: 1.009 loading class java/util/TreeMap
Event: 1.010 loading class java/util/NavigableMap
Event: 1.010 loading class java/util/SortedMap
Event: 1.010 loading class java/util/SortedMap done
Event: 1.010 loading class java/util/NavigableMap done


Dynamic libraries:
0x00007ff700d10000 - 0x00007ff700d1e000 	c:\Users\uriel\.vscode\extensions\redhat.java-1.32.0-win32-x64\jre\17.0.11-win32-x86_64\bin\java.exe
0x00007ff86bb30000 - 0x00007ff86bd47000 	C:\WINDOWS\SYSTEM32\ntdll.dll
0x00007ff86b370000 - 0x00007ff86b434000 	C:\WINDOWS\System32\KERNEL32.DLL
0x00007ff8690f0000 - 0x00007ff86949d000 	C:\WINDOWS\System32\KERNELBASE.dll
0x00007ff868e90000 - 0x00007ff868fa1000 	C:\WINDOWS\System32\ucrtbase.dll
0x00007ff85c090000 - 0x00007ff85c0a7000 	c:\Users\uriel\.vscode\extensions\redhat.java-1.32.0-win32-x64\jre\17.0.11-win32-x86_64\bin\jli.dll
0x00007ff86a130000 - 0x00007ff86a2de000 	C:\WINDOWS\System32\USER32.dll
0x00007ff869840000 - 0x00007ff869866000 	C:\WINDOWS\System32\win32u.dll
0x00007ff86a750000 - 0x00007ff86a779000 	C:\WINDOWS\System32\GDI32.dll
0x00007ff869720000 - 0x00007ff869839000 	C:\WINDOWS\System32\gdi32full.dll
0x00007ff869680000 - 0x00007ff86971a000 	C:\WINDOWS\System32\msvcp_win.dll
0x00007ff85ac20000 - 0x00007ff85ac3b000 	c:\Users\uriel\.vscode\extensions\redhat.java-1.32.0-win32-x64\jre\17.0.11-win32-x86_64\bin\VCRUNTIME140.dll
0x00007ff852ca0000 - 0x00007ff852f33000 	C:\WINDOWS\WinSxS\amd64_microsoft.windows.common-controls_6595b64144ccf1df_6.0.22621.3672_none_2713b9d173822955\COMCTL32.dll
0x00007ff86ad20000 - 0x00007ff86adc7000 	C:\WINDOWS\System32\msvcrt.dll
0x00007ff86b5b0000 - 0x00007ff86b5e1000 	C:\WINDOWS\System32\IMM32.DLL
0x00007ff85c110000 - 0x00007ff85c11c000 	c:\Users\uriel\.vscode\extensions\redhat.java-1.32.0-win32-x64\jre\17.0.11-win32-x86_64\bin\vcruntime140_1.dll
0x00007ff836180000 - 0x00007ff83620d000 	c:\Users\uriel\.vscode\extensions\redhat.java-1.32.0-win32-x64\jre\17.0.11-win32-x86_64\bin\msvcp140.dll
0x00007ffffea30000 - 0x00007fffff692000 	c:\Users\uriel\.vscode\extensions\redhat.java-1.32.0-win32-x64\jre\17.0.11-win32-x86_64\bin\server\jvm.dll
0x00007ff86b7e0000 - 0x00007ff86b892000 	C:\WINDOWS\System32\ADVAPI32.dll
0x00007ff86a6a0000 - 0x00007ff86a749000 	C:\WINDOWS\System32\sechost.dll
0x00007ff868e60000 - 0x00007ff868e88000 	C:\WINDOWS\System32\bcrypt.dll
0x00007ff86ac00000 - 0x00007ff86ad14000 	C:\WINDOWS\System32\RPCRT4.dll
0x00007ff868d20000 - 0x00007ff868d6d000 	C:\WINDOWS\SYSTEM32\POWRPROF.dll
0x00007ff864320000 - 0x00007ff864329000 	C:\WINDOWS\SYSTEM32\WSOCK32.dll
0x00007ff86b440000 - 0x00007ff86b4b1000 	C:\WINDOWS\System32\WS2_32.dll
0x00007ff860bf0000 - 0x00007ff860c24000 	C:\WINDOWS\SYSTEM32\WINMM.dll
0x00007ff85ff00000 - 0x00007ff85ff0a000 	C:\WINDOWS\SYSTEM32\VERSION.dll
0x00007ff868c50000 - 0x00007ff868c63000 	C:\WINDOWS\SYSTEM32\UMPDC.dll
0x00007ff867e60000 - 0x00007ff867e78000 	C:\WINDOWS\SYSTEM32\kernel.appcore.dll
0x00007ff85ae70000 - 0x00007ff85ae7a000 	c:\Users\uriel\.vscode\extensions\redhat.java-1.32.0-win32-x64\jre\17.0.11-win32-x86_64\bin\jimage.dll
0x00007ff866760000 - 0x00007ff866992000 	C:\WINDOWS\SYSTEM32\DBGHELP.DLL
0x00007ff86ae20000 - 0x00007ff86b1a8000 	C:\WINDOWS\System32\combase.dll
0x00007ff86a2e0000 - 0x00007ff86a3b7000 	C:\WINDOWS\System32\OLEAUT32.dll
0x00007ff83b430000 - 0x00007ff83b462000 	C:\WINDOWS\SYSTEM32\dbgcore.DLL
0x00007ff868fb0000 - 0x00007ff86902b000 	C:\WINDOWS\System32\bcryptPrimitives.dll
0x00007ff85ab30000 - 0x00007ff85ab3e000 	c:\Users\uriel\.vscode\extensions\redhat.java-1.32.0-win32-x64\jre\17.0.11-win32-x86_64\bin\instrument.dll
0x00007ff850630000 - 0x00007ff850655000 	c:\Users\uriel\.vscode\extensions\redhat.java-1.32.0-win32-x64\jre\17.0.11-win32-x86_64\bin\java.dll
0x00007ff850500000 - 0x00007ff850518000 	c:\Users\uriel\.vscode\extensions\redhat.java-1.32.0-win32-x64\jre\17.0.11-win32-x86_64\bin\zip.dll
0x00007ff8698d0000 - 0x00007ff86a12f000 	C:\WINDOWS\System32\SHELL32.dll
0x00007ff866d30000 - 0x00007ff86762c000 	C:\WINDOWS\SYSTEM32\windows.storage.dll
0x00007ff866bf0000 - 0x00007ff866d2f000 	C:\WINDOWS\SYSTEM32\wintypes.dll
0x00007ff86b930000 - 0x00007ff86ba24000 	C:\WINDOWS\System32\SHCORE.dll
0x00007ff86ba90000 - 0x00007ff86baee000 	C:\WINDOWS\System32\shlwapi.dll
0x00007ff868d90000 - 0x00007ff868db1000 	C:\WINDOWS\SYSTEM32\profapi.dll
0x00007ff853b90000 - 0x00007ff853ba9000 	C:\Users\uriel\.vscode\extensions\redhat.java-1.32.0-win32-x64\jre\17.0.11-win32-x86_64\bin\net.dll
0x00007ff8648a0000 - 0x00007ff8649d6000 	C:\WINDOWS\SYSTEM32\WINHTTP.dll
0x00007ff8682e0000 - 0x00007ff868349000 	C:\WINDOWS\system32\mswsock.dll
0x00007ff84a560000 - 0x00007ff84a576000 	C:\Users\uriel\.vscode\extensions\redhat.java-1.32.0-win32-x64\jre\17.0.11-win32-x86_64\bin\nio.dll
0x00007ff85ab20000 - 0x00007ff85ab30000 	c:\Users\uriel\.vscode\extensions\redhat.java-1.32.0-win32-x64\jre\17.0.11-win32-x86_64\bin\verify.dll

dbghelp: loaded successfully - version: 4.0.5 - missing functions: none
symbol engine: initialized successfully - sym options: 0x614 - pdb path: .;c:\Users\uriel\.vscode\extensions\redhat.java-1.32.0-win32-x64\jre\17.0.11-win32-x86_64\bin;C:\WINDOWS\SYSTEM32;C:\WINDOWS\WinSxS\amd64_microsoft.windows.common-controls_6595b64144ccf1df_6.0.22621.3672_none_2713b9d173822955;c:\Users\uriel\.vscode\extensions\redhat.java-1.32.0-win32-x64\jre\17.0.11-win32-x86_64\bin\server

VM Arguments:
jvm_args: --add-modules=ALL-SYSTEM --add-opens=java.base/java.util=ALL-UNNAMED --add-opens=java.base/java.lang=ALL-UNNAMED --add-opens=java.base/sun.nio.fs=ALL-UNNAMED -Declipse.application=org.eclipse.jdt.ls.core.id1 -Dosgi.bundles.defaultStartLevel=4 -Declipse.product=org.eclipse.jdt.ls.core.product -Djava.import.generatesMetadataFilesAtProjectRoot=false -DDetectVMInstallationsJob.disabled=true -Dfile.encoding=utf8 -XX:+UseParallelGC -XX:GCTimeRatio=4 -XX:AdaptiveSizePolicyWeight=90 -Dsun.zip.disableMemoryMapping=true -Xmx1G -Xms100m -Xlog:disable -javaagent:c:\Users\uriel\.vscode\extensions\redhat.java-1.32.0-win32-x64\lombok\lombok-1.18.33.jar 
java_command: c:\Users\uriel\.vscode\extensions\redhat.java-1.32.0-win32-x64\server\plugins\org.eclipse.equinox.launcher_1.6.900.v20240613-2009.jar -configuration c:\Users\uriel\AppData\Roaming\Code\User\globalStorage\redhat.java\1.32.0\config_ss_win -data c:\Users\uriel\AppData\Roaming\Code\User\workspaceStorage\247fb2c4f4213fe849032bdec2b3c9c2\redhat.java\ss_ws --pipe=\\.\pipe\lsp-35614a9d1c430fdc468c99f14fc3000d-sock
java_class_path (initial): c:\Users\uriel\.vscode\extensions\redhat.java-1.32.0-win32-x64\server\plugins\org.eclipse.equinox.launcher_1.6.900.v20240613-2009.jar
Launcher Type: SUN_STANDARD

[Global flags]
    uintx AdaptiveSizePolicyWeight                 = 90                                        {product} {command line}
     intx CICompilerCount                          = 3                                         {product} {ergonomic}
    uintx GCTimeRatio                              = 4                                         {product} {command line}
   size_t InitialHeapSize                          = 104857600                                 {product} {command line}
   size_t MaxHeapSize                              = 1073741824                                {product} {command line}
   size_t MaxNewSize                               = 357564416                                 {product} {ergonomic}
   size_t MinHeapDeltaBytes                        = 524288                                    {product} {ergonomic}
   size_t MinHeapSize                              = 104857600                                 {product} {command line}
   size_t NewSize                                  = 34603008                                  {product} {ergonomic}
    uintx NonNMethodCodeHeapSize                   = 5832780                                {pd product} {ergonomic}
    uintx NonProfiledCodeHeapSize                  = 122912730                              {pd product} {ergonomic}
   size_t OldSize                                  = 70254592                                  {product} {ergonomic}
    uintx ProfiledCodeHeapSize                     = 122912730                              {pd product} {ergonomic}
    uintx ReservedCodeCacheSize                    = 251658240                              {pd product} {ergonomic}
     bool SegmentedCodeCache                       = true                                      {product} {ergonomic}
   size_t SoftMaxHeapSize                          = 1073741824                             {manageable} {ergonomic}
     bool UseCompressedClassPointers               = true                           {product lp64_product} {ergonomic}
     bool UseCompressedOops                        = true                           {product lp64_product} {ergonomic}
     bool UseLargePagesIndividualAllocation        = false                                  {pd product} {ergonomic}
     bool UseParallelGC                            = true                                      {product} {command line}

Logging:
Log output configuration:
 #0: stdout all=off uptime,level,tags
 #1: stderr all=off uptime,level,tags

Environment Variables:
JAVA_HOME=C:\Java\jdk1.8.0_202\bin
PATH=C:\Program Files (x86)\Common Files\Oracle\Java\javapath;C:\Program Files\Python38\Scripts\;C:\Program Files\Python38\;C:\Program Files\Graphviz\bin;C:\WINDOWS\system32;C:\WINDOWS;C:\WINDOWS\System32\Wbem;C:\WINDOWS\System32\WindowsPowerShell\v1.0\;C:\WINDOWS\System32\OpenSSH\;C:\Program Files\dotnet\;C:\msys64\mingw64\bin;C:\Program Files\Git\cmd;C:\Program Files\Git\mingw64\bin;C:\Program Files\Git\usr\bin;C:\Program Files\nodejs\;C:\Program Files (x86)\Windows Kits\10\Windows Performance Toolkit\;C:\Java\jdk1.8.0_202\bin;C:\hadoop-3.3.5\bin;C:\hadoop-3.3.5\sbin;C:\Users\uriel\AppData\Local\Programs\Python\Python311\Scripts\;C:\Users\uriel\AppData\Local\Programs\Python\Python311\;C:\Users\uriel\AppData\Local\Microsoft\WindowsApps;C:\Users\uriel\AppData\Local\Programs\Microsoft VS Code\bin;C:\Users\uriel\AppData\Local\Programs\oh-my-posh\bin;%PyCharm Edu%;C:\Program Files\JetBrains\WebStorm 2024.1.1\bin;C:\Program Files\JetBrains\CLion 2024.1\bin;C:\Program Files\JetBrains\IntelliJ IDEA 2024.1\bin;C:\Users\uriel\AppData\Roaming\npm;%PyCharm Community Edition%;C:\Users\uriel\AppData\Local\Programs\mongosh\;C:\Program Files\JetBrains\PyCharm 2024.1\bin;C:\Users\uriel\.dotnet\tools;C:\Users\uriel\AppData\Local\GitHubDesktop\bin
USERNAME=uriel
OS=Windows_NT
PROCESSOR_IDENTIFIER=Intel64 Family 6 Model 140 Stepping 1, GenuineIntel
TMP=C:\Users\uriel\AppData\Local\Temp
TEMP=C:\Users\uriel\AppData\Local\Temp



Periodic native trim disabled


---------------  S Y S T E M  ---------------

OS:
 Windows 11 , 64 bit Build 22621 (10.0.22621.3672)
OS uptime: 1 days 9:53 hours
Hyper-V role detected

CPU: total 4 (initial active 4) (2 cores per cpu, 2 threads per core) family 6 model 140 stepping 1 microcode 0x8a, cx8, cmov, fxsr, ht, mmx, 3dnowpref, sse, sse2, sse3, ssse3, sse4.1, sse4.2, popcnt, lzcnt, tsc, tscinvbit, avx, avx2, aes, erms, clmul, bmi1, bmi2, adx, avx512f, avx512dq, avx512cd, avx512bw, avx512vl, sha, fma, vzeroupper, avx512_vpopcntdq, avx512_vpclmulqdq, avx512_vaes, avx512_vnni, clflush, clflushopt, clwb, avx512_vbmi2, avx512_vbmi, hv
Processor Information for all 4 processors :
  Max Mhz: 2995, Current Mhz: 2995, Mhz Limit: 2995

Memory: 4k page, system-wide physical 7934M (706M free)
TotalPageFile size 32510M (AvailPageFile size 27M)
current process WorkingSet (physical memory assigned to process): 46M, peak: 46M
current process commit charge ("private bytes"): 176M, peak: 176M

vm_info: OpenJDK 64-Bit Server VM (17.0.11+9) for windows-amd64 JRE (17.0.11+9), built on Apr 17 2024 06:07:48 by "admin" with MS VC++ 16.10 / 16.11 (VS2019)

END.
